2022-01-02T07:35:00.0270767+05:30  [INF] Application started. Press Ctrl+C to shut down. (dcaefe54)
2022-01-02T07:35:00.0404433+05:30  [INF] Hosting environment: "Development" (c3307c92)
2022-01-02T07:35:00.0438573+05:30  [INF] Content root path: "D:\Personal\Profissional\GymOneCore\Gymone\Gymone.API\bin\Debug\netcoreapp3.1\" (b5d60022)
2022-01-02T07:36:26.3482974+05:30 80000011-0001-f100-b63f-84710c7967bb [WRN] Invalid password for user "d6808e80-3a2a-4345-97b8-02d2e679a144". (c2dce6c7)
2022-01-02T07:36:26.3530564+05:30 80000011-0001-f100-b63f-84710c7967bb [WRN] User "d6808e80-3a2a-4345-97b8-02d2e679a144" failed to provide the correct password. (ec8d2479)
2022-01-02T09:43:08.6368352+05:30  [INF] Application started. Press Ctrl+C to shut down. (dcaefe54)
2022-01-02T09:43:08.6526531+05:30  [INF] Hosting environment: "Development" (c3307c92)
2022-01-02T09:43:08.6563197+05:30  [INF] Content root path: "D:\Personal\Profissional\GymOneCore\Gymone\Gymone.API\bin\Debug\netcoreapp3.1\" (b5d60022)
2022-01-02T20:06:58.2654548+05:30  [INF] Application started. Press Ctrl+C to shut down. (dcaefe54)
2022-01-02T20:06:58.2769467+05:30  [INF] Hosting environment: "Development" (c3307c92)
2022-01-02T20:06:58.2788060+05:30  [INF] Content root path: "D:\Personal\Profissional\GymOneCore\Gymone\Gymone.API\bin\Debug\netcoreapp3.1\" (b5d60022)
2022-01-02T20:35:55.2619937+05:30  [INF] Application started. Press Ctrl+C to shut down. (dcaefe54)
2022-01-02T20:35:55.2783817+05:30  [INF] Hosting environment: "Development" (c3307c92)
2022-01-02T20:35:55.2811745+05:30  [INF] Content root path: "D:\Personal\Profissional\GymOneCore\Gymone\Gymone.API\bin\Debug\netcoreapp3.1\" (b5d60022)
2022-01-02T20:36:43.4345328+05:30 8000002e-0000-fd00-b63f-84710c7967bb [WRN] Change password failed for user "e70e0252-33b1-4e08-88f7-1648e43315ae". (4e3cf999)
2022-01-02T20:47:08.7384717+05:30  [INF] Application started. Press Ctrl+C to shut down. (dcaefe54)
2022-01-02T20:47:08.7573359+05:30  [INF] Hosting environment: "Development" (c3307c92)
2022-01-02T20:47:08.7602653+05:30  [INF] Content root path: "D:\Personal\Profissional\GymOneCore\Gymone\Gymone.API\bin\Debug\netcoreapp3.1\" (b5d60022)
2022-01-02T20:48:48.3616454+05:30 80000037-0003-ff00-b63f-84710c7967bb [WRN] Change password failed for user "e70e0252-33b1-4e08-88f7-1648e43315ae". (4e3cf999)
2022-01-02T20:59:34.3338562+05:30  [INF] Application started. Press Ctrl+C to shut down. (dcaefe54)
2022-01-02T20:59:34.3423007+05:30  [INF] Hosting environment: "Development" (c3307c92)
2022-01-02T20:59:34.3446262+05:30  [INF] Content root path: "D:\Personal\Profissional\GymOneCore\Gymone\Gymone.API\bin\Debug\netcoreapp3.1\" (b5d60022)
2022-01-02T21:07:04.0697709+05:30  [INF] Application started. Press Ctrl+C to shut down. (dcaefe54)
2022-01-02T21:07:04.0906109+05:30  [INF] Hosting environment: "Development" (c3307c92)
2022-01-02T21:07:04.0942814+05:30  [INF] Content root path: "D:\Personal\Profissional\GymOneCore\Gymone\Gymone.API\bin\Debug\netcoreapp3.1\" (b5d60022)
2022-01-02T21:12:31.3109166+05:30  [INF] Application started. Press Ctrl+C to shut down. (dcaefe54)
2022-01-02T21:12:31.3214468+05:30  [INF] Hosting environment: "Development" (c3307c92)
2022-01-02T21:12:31.3233633+05:30  [INF] Content root path: "D:\Personal\Profissional\GymOneCore\Gymone\Gymone.API\bin\Debug\netcoreapp3.1\" (b5d60022)
2022-01-02T21:24:54.6341779+05:30  [INF] Application started. Press Ctrl+C to shut down. (dcaefe54)
2022-01-02T21:24:54.6465056+05:30  [INF] Hosting environment: "Development" (c3307c92)
2022-01-02T21:24:54.6485312+05:30  [INF] Content root path: "D:\Personal\Profissional\GymOneCore\Gymone\Gymone.API\bin\Debug\netcoreapp3.1\" (b5d60022)
