2022-01-01T06:40:24.5565921+05:30  [INF] Application started. Press Ctrl+C to shut down. (dcaefe54)
2022-01-01T06:40:24.5692482+05:30  [INF] Hosting environment: "Development" (c3307c92)
2022-01-01T06:40:24.5721154+05:30  [INF] Content root path: "D:\Personal\Profissional\GymOneCore\Gymone\Gymone.API\bin\Debug\netcoreapp3.1\" (b5d60022)
2022-01-01T06:54:29.0921223+05:30  [INF] Application started. Press Ctrl+C to shut down. (dcaefe54)
2022-01-01T06:54:29.1128352+05:30  [INF] Hosting environment: "Development" (c3307c92)
2022-01-01T06:54:29.1288409+05:30  [INF] Content root path: "D:\Personal\Profissional\GymOneCore\Gymone\Gymone.API\bin\Debug\netcoreapp3.1\" (b5d60022)
2022-01-01T06:56:35.8994875+05:30  [INF] Application started. Press Ctrl+C to shut down. (dcaefe54)
2022-01-01T06:56:35.9149100+05:30  [INF] Hosting environment: "Development" (c3307c92)
2022-01-01T06:56:35.9182900+05:30  [INF] Content root path: "D:\Personal\Profissional\GymOneCore\Gymone\Gymone.API\bin\Debug\netcoreapp3.1\" (b5d60022)
2022-01-01T07:01:27.2684913+05:30  [INF] Application started. Press Ctrl+C to shut down. (dcaefe54)
2022-01-01T07:01:27.2862534+05:30  [INF] Hosting environment: "Development" (c3307c92)
2022-01-01T07:01:27.2884067+05:30  [INF] Content root path: "D:\Personal\Profissional\GymOneCore\Gymone\Gymone.API\bin\Debug\netcoreapp3.1\" (b5d60022)
2022-01-01T07:13:52.4523768+05:30  [INF] Application started. Press Ctrl+C to shut down. (dcaefe54)
2022-01-01T07:13:52.4685556+05:30  [INF] Hosting environment: "Development" (c3307c92)
2022-01-01T07:13:52.4722967+05:30  [INF] Content root path: "D:\Personal\Profissional\GymOneCore\Gymone\Gymone.API\bin\Debug\netcoreapp3.1\" (b5d60022)
2022-01-01T07:17:14.0898416+05:30  [FTL] Application startup exception (6c57a5ba)
System.InvalidOperationException: Unable to resolve service for type 'Microsoft.AspNetCore.DataProtection.IDataProtectionProvider' while attempting to activate 'Gymone.API.Common.QueryStringModule'.
   at Microsoft.Extensions.Internal.ActivatorUtilities.ConstructorMatcher.CreateInstance(IServiceProvider provider)
   at Microsoft.Extensions.Internal.ActivatorUtilities.CreateInstance(IServiceProvider provider, Type instanceType, Object[] parameters)
   at Microsoft.AspNetCore.Builder.UseMiddlewareExtensions.<>c__DisplayClass4_0.<UseMiddleware>b__0(RequestDelegate next)
   at Microsoft.AspNetCore.Builder.ApplicationBuilder.Build()
   at Microsoft.AspNetCore.Hosting.GenericWebHostService.StartAsync(CancellationToken cancellationToken)
   at Microsoft.Extensions.Hosting.Internal.Host.StartAsync(CancellationToken cancellationToken)
   at Microsoft.Extensions.Hosting.HostingAbstractionsHostExtensions.RunAsync(IHost host, CancellationToken token)
2022-01-01T07:21:32.9765822+05:30  [FTL] Application startup exception (6c57a5ba)
System.InvalidOperationException: Unable to resolve service for type 'Microsoft.AspNetCore.DataProtection.IDataProtectionProvider' while attempting to activate 'Gymone.API.Common.QueryStringModule'.
   at Microsoft.Extensions.Internal.ActivatorUtilities.ConstructorMatcher.CreateInstance(IServiceProvider provider)
   at Microsoft.Extensions.Internal.ActivatorUtilities.CreateInstance(IServiceProvider provider, Type instanceType, Object[] parameters)
   at Microsoft.AspNetCore.Builder.UseMiddlewareExtensions.<>c__DisplayClass4_0.<UseMiddleware>b__0(RequestDelegate next)
   at Microsoft.AspNetCore.Builder.ApplicationBuilder.Build()
   at Microsoft.AspNetCore.Hosting.GenericWebHostService.StartAsync(CancellationToken cancellationToken)
   at Microsoft.Extensions.Hosting.Internal.Host.StartAsync(CancellationToken cancellationToken)
   at Microsoft.Extensions.Hosting.HostingAbstractionsHostExtensions.RunAsync(IHost host, CancellationToken token)
2022-01-01T07:27:31.3918836+05:30  [FTL] Application startup exception (6c57a5ba)
System.InvalidOperationException: Unable to resolve service for type 'Microsoft.AspNetCore.DataProtection.IDataProtectionProvider' while attempting to activate 'Gymone.API.Common.QueryStringModule'.
   at Microsoft.Extensions.Internal.ActivatorUtilities.ConstructorMatcher.CreateInstance(IServiceProvider provider)
   at Microsoft.Extensions.Internal.ActivatorUtilities.CreateInstance(IServiceProvider provider, Type instanceType, Object[] parameters)
   at Microsoft.AspNetCore.Builder.UseMiddlewareExtensions.<>c__DisplayClass4_0.<UseMiddleware>b__0(RequestDelegate next)
   at Microsoft.AspNetCore.Builder.ApplicationBuilder.Build()
   at Microsoft.AspNetCore.Hosting.GenericWebHostService.StartAsync(CancellationToken cancellationToken)
   at Microsoft.Extensions.Hosting.Internal.Host.StartAsync(CancellationToken cancellationToken)
   at Microsoft.Extensions.Hosting.HostingAbstractionsHostExtensions.RunAsync(IHost host, CancellationToken token)
2022-01-01T07:28:23.3911341+05:30  [FTL] Application startup exception (6c57a5ba)
System.InvalidOperationException: Unable to resolve service for type 'Microsoft.AspNetCore.DataProtection.IDataProtectionProvider' while attempting to activate 'Gymone.API.Common.QueryStringModule'.
   at Microsoft.Extensions.Internal.ActivatorUtilities.ConstructorMatcher.CreateInstance(IServiceProvider provider)
   at Microsoft.Extensions.Internal.ActivatorUtilities.CreateInstance(IServiceProvider provider, Type instanceType, Object[] parameters)
   at Microsoft.AspNetCore.Builder.UseMiddlewareExtensions.<>c__DisplayClass4_0.<UseMiddleware>b__0(RequestDelegate next)
   at Microsoft.AspNetCore.Builder.ApplicationBuilder.Build()
   at Microsoft.AspNetCore.Hosting.GenericWebHostService.StartAsync(CancellationToken cancellationToken)
   at Microsoft.Extensions.Hosting.Internal.Host.StartAsync(CancellationToken cancellationToken)
   at Microsoft.Extensions.Hosting.HostingAbstractionsHostExtensions.RunAsync(IHost host, CancellationToken token)
2022-01-01T07:34:11.8098765+05:30  [FTL] Application startup exception (6c57a5ba)
System.InvalidOperationException: Unable to resolve service for type 'Microsoft.AspNetCore.DataProtection.IDataProtectionProvider' while attempting to activate 'Gymone.API.Common.QueryStringModule'.
   at Microsoft.Extensions.Internal.ActivatorUtilities.ConstructorMatcher.CreateInstance(IServiceProvider provider)
   at Microsoft.Extensions.Internal.ActivatorUtilities.CreateInstance(IServiceProvider provider, Type instanceType, Object[] parameters)
   at Microsoft.AspNetCore.Builder.UseMiddlewareExtensions.<>c__DisplayClass4_0.<UseMiddleware>b__0(RequestDelegate next)
   at Microsoft.AspNetCore.Builder.ApplicationBuilder.Build()
   at Microsoft.AspNetCore.Hosting.GenericWebHostService.StartAsync(CancellationToken cancellationToken)
   at Microsoft.Extensions.Hosting.Internal.Host.StartAsync(CancellationToken cancellationToken)
   at Microsoft.Extensions.Hosting.HostingAbstractionsHostExtensions.RunAsync(IHost host, CancellationToken token)
2022-01-01T07:36:51.0901711+05:30  [FTL] Application startup exception (6c57a5ba)
System.InvalidOperationException: Unable to resolve service for type 'Microsoft.AspNetCore.DataProtection.IDataProtectionProvider' while attempting to activate 'Gymone.API.Common.QueryStringModule'.
   at Microsoft.Extensions.Internal.ActivatorUtilities.ConstructorMatcher.CreateInstance(IServiceProvider provider)
   at Microsoft.Extensions.Internal.ActivatorUtilities.CreateInstance(IServiceProvider provider, Type instanceType, Object[] parameters)
   at Microsoft.AspNetCore.Builder.UseMiddlewareExtensions.<>c__DisplayClass4_0.<UseMiddleware>b__0(RequestDelegate next)
   at Microsoft.AspNetCore.Builder.ApplicationBuilder.Build()
   at Microsoft.AspNetCore.Hosting.GenericWebHostService.StartAsync(CancellationToken cancellationToken)
   at Microsoft.Extensions.Hosting.Internal.Host.StartAsync(CancellationToken cancellationToken)
   at Microsoft.Extensions.Hosting.HostingAbstractionsHostExtensions.RunAsync(IHost host, CancellationToken token)
2022-01-01T07:37:54.8806844+05:30  [FTL] Application startup exception (6c57a5ba)
System.InvalidOperationException: Unable to resolve service for type 'Microsoft.AspNetCore.DataProtection.IDataProtectionProvider' while attempting to activate 'Gymone.API.Common.QueryStringModule'.
   at Microsoft.Extensions.Internal.ActivatorUtilities.ConstructorMatcher.CreateInstance(IServiceProvider provider)
   at Microsoft.Extensions.Internal.ActivatorUtilities.CreateInstance(IServiceProvider provider, Type instanceType, Object[] parameters)
   at Microsoft.AspNetCore.Builder.UseMiddlewareExtensions.<>c__DisplayClass4_0.<UseMiddleware>b__0(RequestDelegate next)
   at Microsoft.AspNetCore.Builder.ApplicationBuilder.Build()
   at Microsoft.AspNetCore.Hosting.GenericWebHostService.StartAsync(CancellationToken cancellationToken)
   at Microsoft.Extensions.Hosting.Internal.Host.StartAsync(CancellationToken cancellationToken)
   at Microsoft.Extensions.Hosting.HostingAbstractionsHostExtensions.RunAsync(IHost host, CancellationToken token)
2022-01-01T07:42:56.6349902+05:30  [FTL] Application startup exception (6c57a5ba)
System.InvalidOperationException: Unable to resolve service for type 'Microsoft.AspNetCore.DataProtection.IDataProtectionProvider' while attempting to activate 'Gymone.API.Common.QueryStringModule'.
   at Microsoft.Extensions.Internal.ActivatorUtilities.ConstructorMatcher.CreateInstance(IServiceProvider provider)
   at Microsoft.Extensions.Internal.ActivatorUtilities.CreateInstance(IServiceProvider provider, Type instanceType, Object[] parameters)
   at Microsoft.AspNetCore.Builder.UseMiddlewareExtensions.<>c__DisplayClass4_0.<UseMiddleware>b__0(RequestDelegate next)
   at Microsoft.AspNetCore.Builder.ApplicationBuilder.Build()
   at Microsoft.AspNetCore.Hosting.GenericWebHostService.StartAsync(CancellationToken cancellationToken)
   at Microsoft.Extensions.Hosting.Internal.Host.StartAsync(CancellationToken cancellationToken)
   at Microsoft.Extensions.Hosting.HostingAbstractionsHostExtensions.RunAsync(IHost host, CancellationToken token)
2022-01-01T07:43:06.4752131+05:30  [FTL] Application startup exception (6c57a5ba)
System.InvalidOperationException: Unable to resolve service for type 'Microsoft.AspNetCore.DataProtection.IDataProtectionProvider' while attempting to activate 'Gymone.API.Common.QueryStringModule'.
   at Microsoft.Extensions.Internal.ActivatorUtilities.ConstructorMatcher.CreateInstance(IServiceProvider provider)
   at Microsoft.Extensions.Internal.ActivatorUtilities.CreateInstance(IServiceProvider provider, Type instanceType, Object[] parameters)
   at Microsoft.AspNetCore.Builder.UseMiddlewareExtensions.<>c__DisplayClass4_0.<UseMiddleware>b__0(RequestDelegate next)
   at Microsoft.AspNetCore.Builder.ApplicationBuilder.Build()
   at Microsoft.AspNetCore.Hosting.GenericWebHostService.StartAsync(CancellationToken cancellationToken)
   at Microsoft.Extensions.Hosting.Internal.Host.StartAsync(CancellationToken cancellationToken)
   at Microsoft.Extensions.Hosting.HostingAbstractionsHostExtensions.RunAsync(IHost host, CancellationToken token)
2022-01-01T07:43:20.0075679+05:30  [FTL] Application startup exception (6c57a5ba)
System.InvalidOperationException: Unable to resolve service for type 'Microsoft.AspNetCore.DataProtection.IDataProtectionProvider' while attempting to activate 'Gymone.API.Common.QueryStringModule'.
   at Microsoft.Extensions.Internal.ActivatorUtilities.ConstructorMatcher.CreateInstance(IServiceProvider provider)
   at Microsoft.Extensions.Internal.ActivatorUtilities.CreateInstance(IServiceProvider provider, Type instanceType, Object[] parameters)
   at Microsoft.AspNetCore.Builder.UseMiddlewareExtensions.<>c__DisplayClass4_0.<UseMiddleware>b__0(RequestDelegate next)
   at Microsoft.AspNetCore.Builder.ApplicationBuilder.Build()
   at Microsoft.AspNetCore.Hosting.GenericWebHostService.StartAsync(CancellationToken cancellationToken)
   at Microsoft.Extensions.Hosting.Internal.Host.StartAsync(CancellationToken cancellationToken)
   at Microsoft.Extensions.Hosting.HostingAbstractionsHostExtensions.RunAsync(IHost host, CancellationToken token)
2022-01-01T07:44:59.7808169+05:30  [INF] Application started. Press Ctrl+C to shut down. (dcaefe54)
2022-01-01T07:44:59.7924251+05:30  [INF] Hosting environment: "Development" (c3307c92)
2022-01-01T07:44:59.7954310+05:30  [INF] Content root path: "D:\Personal\Profissional\GymOneCore\Gymone\Gymone.API\bin\Debug\netcoreapp3.1\" (b5d60022)
