2022-01-01T10:00:35.8023332+05:30  [INF] Application started. Press Ctrl+C to shut down. (dcaefe54)
2022-01-01T10:00:35.8177511+05:30  [INF] Hosting environment: "Development" (c3307c92)
2022-01-01T10:00:35.8206701+05:30  [INF] Content root path: "D:\Personal\Profissional\GymOneCore\Gymone\Gymone.Web\bin\Debug\netcoreapp3.1\" (b5d60022)
2022-01-01T10:03:18.2904522+05:30  [INF] Application started. Press Ctrl+C to shut down. (dcaefe54)
2022-01-01T10:03:18.3158594+05:30  [INF] Hosting environment: "Development" (c3307c92)
2022-01-01T10:03:18.3198842+05:30  [INF] Content root path: "D:\Personal\Profissional\GymOneCore\Gymone\Gymone.Web\bin\Debug\netcoreapp3.1\" (b5d60022)
2022-01-01T10:09:27.2290142+05:30  [INF] Application started. Press Ctrl+C to shut down. (dcaefe54)
2022-01-01T10:09:27.2429174+05:30  [INF] Hosting environment: "Development" (c3307c92)
2022-01-01T10:09:27.2448396+05:30  [INF] Content root path: "D:\Personal\Profissional\GymOneCore\Gymone\Gymone.Web\bin\Debug\netcoreapp3.1\" (b5d60022)
2022-01-01T10:20:26.9204397+05:30  [INF] Application started. Press Ctrl+C to shut down. (dcaefe54)
2022-01-01T10:20:26.9394176+05:30  [INF] Hosting environment: "Development" (c3307c92)
2022-01-01T10:20:26.9443190+05:30  [INF] Content root path: "D:\Personal\Profissional\GymOneCore\Gymone\Gymone.Web\bin\Debug\netcoreapp3.1\" (b5d60022)
2022-01-01T10:24:23.6827057+05:30  [INF] Application started. Press Ctrl+C to shut down. (dcaefe54)
2022-01-01T10:24:23.6967808+05:30  [INF] Hosting environment: "Development" (c3307c92)
2022-01-01T10:24:23.6986127+05:30  [INF] Content root path: "D:\Personal\Profissional\GymOneCore\Gymone\Gymone.Web\bin\Debug\netcoreapp3.1\" (b5d60022)
2022-01-01T10:26:43.2149146+05:30  [INF] Application started. Press Ctrl+C to shut down. (dcaefe54)
2022-01-01T10:26:43.2323965+05:30  [INF] Hosting environment: "Development" (c3307c92)
2022-01-01T10:26:43.2358009+05:30  [INF] Content root path: "D:\Personal\Profissional\GymOneCore\Gymone\Gymone.Web" (b5d60022)
2022-01-01T10:32:09.6437403+05:30  [INF] Application started. Press Ctrl+C to shut down. (dcaefe54)
2022-01-01T10:32:09.6615660+05:30  [INF] Hosting environment: "Development" (c3307c92)
2022-01-01T10:32:09.6652225+05:30  [INF] Content root path: "D:\Personal\Profissional\GymOneCore\Gymone\Gymone.Web" (b5d60022)
2022-01-01T10:33:12.2847015+05:30  [INF] Application started. Press Ctrl+C to shut down. (dcaefe54)
2022-01-01T10:33:12.3357177+05:30  [INF] Hosting environment: "Development" (c3307c92)
2022-01-01T10:33:12.3488825+05:30  [INF] Content root path: "D:\Personal\Profissional\GymOneCore\Gymone\Gymone.Web" (b5d60022)
2022-01-01T10:34:31.7762870+05:30  [INF] Application started. Press Ctrl+C to shut down. (dcaefe54)
2022-01-01T10:34:31.7915601+05:30  [INF] Hosting environment: "Development" (c3307c92)
2022-01-01T10:34:31.7938274+05:30  [INF] Content root path: "D:\Personal\Profissional\GymOneCore\Gymone\Gymone.Web" (b5d60022)
2022-01-01T10:36:57.4789576+05:30  [INF] Application started. Press Ctrl+C to shut down. (dcaefe54)
2022-01-01T10:36:57.4918020+05:30  [INF] Hosting environment: "Development" (c3307c92)
2022-01-01T10:36:57.4947591+05:30  [INF] Content root path: "D:\Personal\Profissional\GymOneCore\Gymone\Gymone.Web" (b5d60022)
2022-01-01T10:37:54.1294300+05:30  [INF] Application started. Press Ctrl+C to shut down. (dcaefe54)
2022-01-01T10:37:54.1458793+05:30  [INF] Hosting environment: "Development" (c3307c92)
2022-01-01T10:37:54.1516865+05:30  [INF] Content root path: "D:\Personal\Profissional\GymOneCore\Gymone\Gymone.Web" (b5d60022)
2022-01-01T10:39:08.9923776+05:30  [INF] Application started. Press Ctrl+C to shut down. (dcaefe54)
2022-01-01T10:39:09.0104689+05:30  [INF] Hosting environment: "Development" (c3307c92)
2022-01-01T10:39:09.0136431+05:30  [INF] Content root path: "D:\Personal\Profissional\GymOneCore\Gymone\Gymone.Web" (b5d60022)
2022-01-01T10:40:21.9607013+05:30  [INF] Application started. Press Ctrl+C to shut down. (dcaefe54)
2022-01-01T10:40:21.9823924+05:30  [INF] Hosting environment: "Development" (c3307c92)
2022-01-01T10:40:21.9927812+05:30  [INF] Content root path: "D:\Personal\Profissional\GymOneCore\Gymone\Gymone.Web" (b5d60022)
2022-01-01T10:40:55.0591492+05:30  [INF] Application started. Press Ctrl+C to shut down. (dcaefe54)
2022-01-01T10:40:55.0759565+05:30  [INF] Hosting environment: "Development" (c3307c92)
2022-01-01T10:40:55.0798455+05:30  [INF] Content root path: "D:\Personal\Profissional\GymOneCore\Gymone\Gymone.Web" (b5d60022)
2022-01-01T10:41:37.7386757+05:30  [INF] Application started. Press Ctrl+C to shut down. (dcaefe54)
2022-01-01T10:41:37.7758495+05:30  [INF] Hosting environment: "Development" (c3307c92)
2022-01-01T10:41:37.7998403+05:30  [INF] Content root path: "D:\Personal\Profissional\GymOneCore\Gymone\Gymone.Web" (b5d60022)
2022-01-01T11:35:12.5804627+05:30  [INF] Application started. Press Ctrl+C to shut down. (dcaefe54)
2022-01-01T11:35:12.6000705+05:30  [INF] Hosting environment: "Development" (c3307c92)
2022-01-01T11:35:12.6048898+05:30  [INF] Content root path: "D:\Personal\Profissional\GymOneCore\Gymone\Gymone.Web" (b5d60022)
2022-01-01T11:41:21.4328821+05:30  [INF] Application started. Press Ctrl+C to shut down. (dcaefe54)
2022-01-01T11:41:21.4509913+05:30  [INF] Hosting environment: "Development" (c3307c92)
2022-01-01T11:41:21.4543162+05:30  [INF] Content root path: "D:\Personal\Profissional\GymOneCore\Gymone\Gymone.Web" (b5d60022)
2022-01-01T11:45:43.4837736+05:30  [INF] Application started. Press Ctrl+C to shut down. (dcaefe54)
2022-01-01T11:45:43.4975443+05:30  [INF] Hosting environment: "Development" (c3307c92)
2022-01-01T11:45:43.4994628+05:30  [INF] Content root path: "D:\Personal\Profissional\GymOneCore\Gymone\Gymone.Web" (b5d60022)
2022-01-01T11:53:38.6747321+05:30  [INF] Application started. Press Ctrl+C to shut down. (dcaefe54)
2022-01-01T11:53:38.6991022+05:30  [INF] Hosting environment: "Development" (c3307c92)
2022-01-01T11:53:38.7020527+05:30  [INF] Content root path: "D:\Personal\Profissional\GymOneCore\Gymone\Gymone.Web" (b5d60022)
2022-01-01T11:55:34.5461937+05:30  [INF] Application started. Press Ctrl+C to shut down. (dcaefe54)
2022-01-01T11:55:34.5611023+05:30  [INF] Hosting environment: "Development" (c3307c92)
2022-01-01T11:55:34.5634633+05:30  [INF] Content root path: "D:\Personal\Profissional\GymOneCore\Gymone\Gymone.Web" (b5d60022)
2022-01-01T11:56:43.1264162+05:30  [INF] Application started. Press Ctrl+C to shut down. (dcaefe54)
2022-01-01T11:56:43.1468909+05:30  [INF] Hosting environment: "Development" (c3307c92)
2022-01-01T11:56:43.1489018+05:30  [INF] Content root path: "D:\Personal\Profissional\GymOneCore\Gymone\Gymone.Web" (b5d60022)
2022-01-01T11:59:23.1398911+05:30  [INF] Application started. Press Ctrl+C to shut down. (dcaefe54)
2022-01-01T11:59:23.1614643+05:30  [INF] Hosting environment: "Development" (c3307c92)
2022-01-01T11:59:23.1652630+05:30  [INF] Content root path: "D:\Personal\Profissional\GymOneCore\Gymone\Gymone.Web" (b5d60022)
2022-01-01T12:03:47.0160288+05:30  [INF] Application started. Press Ctrl+C to shut down. (dcaefe54)
2022-01-01T12:03:47.0349954+05:30  [INF] Hosting environment: "Development" (c3307c92)
2022-01-01T12:03:47.0385537+05:30  [INF] Content root path: "D:\Personal\Profissional\GymOneCore\Gymone\Gymone.Web" (b5d60022)
2022-01-01T12:14:58.5680746+05:30  [INF] Application started. Press Ctrl+C to shut down. (dcaefe54)
2022-01-01T12:14:58.5801895+05:30  [INF] Hosting environment: "Development" (c3307c92)
2022-01-01T12:14:58.5821429+05:30  [INF] Content root path: "D:\Personal\Profissional\GymOneCore\Gymone\Gymone.Web" (b5d60022)
2022-01-01T12:17:46.4138188+05:30  [INF] Application started. Press Ctrl+C to shut down. (dcaefe54)
2022-01-01T12:17:46.4291281+05:30  [INF] Hosting environment: "Development" (c3307c92)
2022-01-01T12:17:46.4321952+05:30  [INF] Content root path: "D:\Personal\Profissional\GymOneCore\Gymone\Gymone.Web" (b5d60022)
2022-01-01T12:20:47.0004873+05:30  [INF] Application started. Press Ctrl+C to shut down. (dcaefe54)
2022-01-01T12:20:47.0136037+05:30  [INF] Hosting environment: "Development" (c3307c92)
2022-01-01T12:20:47.0153407+05:30  [INF] Content root path: "D:\Personal\Profissional\GymOneCore\Gymone\Gymone.Web" (b5d60022)
2022-01-01T12:42:34.1573009+05:30  [FTL] Application startup exception (6c57a5ba)
System.InvalidOperationException: Endpoint Routing does not support 'IApplicationBuilder.UseMvc(...)'. To use 'IApplicationBuilder.UseMvc' set 'MvcOptions.EnableEndpointRouting = false' inside 'ConfigureServices(...).
   at Microsoft.AspNetCore.Builder.MvcApplicationBuilderExtensions.UseMvc(IApplicationBuilder app, Action`1 configureRoutes)
   at Microsoft.AspNetCore.Builder.MvcApplicationBuilderExtensions.UseMvcWithDefaultRoute(IApplicationBuilder app)
   at Gymone.Web.Startup.Configure(IApplicationBuilder app, IWebHostEnvironment env, ILoggerFactory loggerFactory) in D:\Personal\Profissional\GymOneCore\Gymone\Gymone.Web\Startup.cs:line 143
   at System.RuntimeMethodHandle.InvokeMethod(Object target, Object[] arguments, Signature sig, Boolean constructor, Boolean wrapExceptions)
   at System.Reflection.RuntimeMethodInfo.Invoke(Object obj, BindingFlags invokeAttr, Binder binder, Object[] parameters, CultureInfo culture)
   at Microsoft.AspNetCore.Hosting.ConfigureBuilder.Invoke(Object instance, IApplicationBuilder builder)
   at Microsoft.AspNetCore.Hosting.ConfigureBuilder.<>c__DisplayClass4_0.<Build>b__0(IApplicationBuilder builder)
   at Microsoft.AspNetCore.Hosting.GenericWebHostBuilder.<>c__DisplayClass13_0.<UseStartup>b__2(IApplicationBuilder app)
   at Microsoft.AspNetCore.Mvc.Filters.MiddlewareFilterBuilderStartupFilter.<>c__DisplayClass0_0.<Configure>g__MiddlewareFilterBuilder|0(IApplicationBuilder builder)
   at Microsoft.AspNetCore.Server.IIS.Core.IISServerSetupFilter.<>c__DisplayClass2_0.<Configure>b__0(IApplicationBuilder app)
   at Microsoft.AspNetCore.HostFilteringStartupFilter.<>c__DisplayClass0_0.<Configure>b__0(IApplicationBuilder app)
   at Microsoft.AspNetCore.Hosting.GenericWebHostService.StartAsync(CancellationToken cancellationToken)
   at System.Runtime.CompilerServices.ConfiguredTaskAwaitable.ConfiguredTaskAwaiter.GetResult()
2022-01-01T12:45:59.9963228+05:30  [FTL] Application startup exception (6c57a5ba)
System.InvalidOperationException: Endpoint Routing does not support 'IApplicationBuilder.UseMvc(...)'. To use 'IApplicationBuilder.UseMvc' set 'MvcOptions.EnableEndpointRouting = false' inside 'ConfigureServices(...).
   at Microsoft.AspNetCore.Builder.MvcApplicationBuilderExtensions.UseMvc(IApplicationBuilder app, Action`1 configureRoutes)
   at Microsoft.AspNetCore.Builder.MvcApplicationBuilderExtensions.UseMvc(IApplicationBuilder app)
   at Gymone.Web.Startup.Configure(IApplicationBuilder app, IWebHostEnvironment env, ILoggerFactory loggerFactory) in D:\Personal\Profissional\GymOneCore\Gymone\Gymone.Web\Startup.cs:line 133
   at System.RuntimeMethodHandle.InvokeMethod(Object target, Object[] arguments, Signature sig, Boolean constructor, Boolean wrapExceptions)
   at System.Reflection.RuntimeMethodInfo.Invoke(Object obj, BindingFlags invokeAttr, Binder binder, Object[] parameters, CultureInfo culture)
   at Microsoft.AspNetCore.Hosting.ConfigureBuilder.Invoke(Object instance, IApplicationBuilder builder)
   at Microsoft.AspNetCore.Hosting.ConfigureBuilder.<>c__DisplayClass4_0.<Build>b__0(IApplicationBuilder builder)
   at Microsoft.AspNetCore.Hosting.GenericWebHostBuilder.<>c__DisplayClass13_0.<UseStartup>b__2(IApplicationBuilder app)
   at Microsoft.AspNetCore.Mvc.Filters.MiddlewareFilterBuilderStartupFilter.<>c__DisplayClass0_0.<Configure>g__MiddlewareFilterBuilder|0(IApplicationBuilder builder)
   at Microsoft.AspNetCore.Server.IIS.Core.IISServerSetupFilter.<>c__DisplayClass2_0.<Configure>b__0(IApplicationBuilder app)
   at Microsoft.AspNetCore.HostFilteringStartupFilter.<>c__DisplayClass0_0.<Configure>b__0(IApplicationBuilder app)
   at Microsoft.AspNetCore.Hosting.GenericWebHostService.StartAsync(CancellationToken cancellationToken)
   at Microsoft.Extensions.Hosting.Internal.Host.StartAsync(CancellationToken cancellationToken)
   at Microsoft.Extensions.Hosting.HostingAbstractionsHostExtensions.RunAsync(IHost host, CancellationToken token)
2022-01-01T12:51:05.0977937+05:30  [FTL] Application startup exception (6c57a5ba)
System.InvalidOperationException: Endpoint Routing does not support 'IApplicationBuilder.UseMvc(...)'. To use 'IApplicationBuilder.UseMvc' set 'MvcOptions.EnableEndpointRouting = false' inside 'ConfigureServices(...).
   at Microsoft.AspNetCore.Builder.MvcApplicationBuilderExtensions.UseMvc(IApplicationBuilder app, Action`1 configureRoutes)
   at Microsoft.AspNetCore.Builder.MvcApplicationBuilderExtensions.UseMvc(IApplicationBuilder app)
   at Gymone.Web.Startup.Configure(IApplicationBuilder app, IWebHostEnvironment env, ILoggerFactory loggerFactory) in D:\Personal\Profissional\GymOneCore\Gymone\Gymone.Web\Startup.cs:line 133
   at System.RuntimeMethodHandle.InvokeMethod(Object target, Object[] arguments, Signature sig, Boolean constructor, Boolean wrapExceptions)
   at System.Reflection.RuntimeMethodInfo.Invoke(Object obj, BindingFlags invokeAttr, Binder binder, Object[] parameters, CultureInfo culture)
   at Microsoft.AspNetCore.Hosting.ConfigureBuilder.Invoke(Object instance, IApplicationBuilder builder)
   at Microsoft.AspNetCore.Hosting.ConfigureBuilder.<>c__DisplayClass4_0.<Build>b__0(IApplicationBuilder builder)
   at Microsoft.AspNetCore.Hosting.GenericWebHostBuilder.<>c__DisplayClass13_0.<UseStartup>b__2(IApplicationBuilder app)
   at Microsoft.AspNetCore.Mvc.Filters.MiddlewareFilterBuilderStartupFilter.<>c__DisplayClass0_0.<Configure>g__MiddlewareFilterBuilder|0(IApplicationBuilder builder)
   at Microsoft.AspNetCore.Server.IIS.Core.IISServerSetupFilter.<>c__DisplayClass2_0.<Configure>b__0(IApplicationBuilder app)
   at Microsoft.AspNetCore.HostFilteringStartupFilter.<>c__DisplayClass0_0.<Configure>b__0(IApplicationBuilder app)
   at Microsoft.AspNetCore.Hosting.GenericWebHostService.StartAsync(CancellationToken cancellationToken)
   at Microsoft.Extensions.Hosting.Internal.Host.StartAsync(CancellationToken cancellationToken)
   at Microsoft.Extensions.Hosting.HostingAbstractionsHostExtensions.RunAsync(IHost host, CancellationToken token)
2022-01-01T12:52:03.0581563+05:30  [FTL] Application startup exception (6c57a5ba)
System.InvalidOperationException: Endpoint Routing does not support 'IApplicationBuilder.UseMvc(...)'. To use 'IApplicationBuilder.UseMvc' set 'MvcOptions.EnableEndpointRouting = false' inside 'ConfigureServices(...).
   at Microsoft.AspNetCore.Builder.MvcApplicationBuilderExtensions.UseMvc(IApplicationBuilder app, Action`1 configureRoutes)
   at Microsoft.AspNetCore.Builder.MvcApplicationBuilderExtensions.UseMvc(IApplicationBuilder app)
   at Gymone.Web.Startup.Configure(IApplicationBuilder app, IWebHostEnvironment env, ILoggerFactory loggerFactory) in D:\Personal\Profissional\GymOneCore\Gymone\Gymone.Web\Startup.cs:line 134
   at System.RuntimeMethodHandle.InvokeMethod(Object target, Object[] arguments, Signature sig, Boolean constructor, Boolean wrapExceptions)
   at System.Reflection.RuntimeMethodInfo.Invoke(Object obj, BindingFlags invokeAttr, Binder binder, Object[] parameters, CultureInfo culture)
   at Microsoft.AspNetCore.Hosting.ConfigureBuilder.Invoke(Object instance, IApplicationBuilder builder)
   at Microsoft.AspNetCore.Hosting.ConfigureBuilder.<>c__DisplayClass4_0.<Build>b__0(IApplicationBuilder builder)
   at Microsoft.AspNetCore.Hosting.GenericWebHostBuilder.<>c__DisplayClass13_0.<UseStartup>b__2(IApplicationBuilder app)
   at Microsoft.AspNetCore.Mvc.Filters.MiddlewareFilterBuilderStartupFilter.<>c__DisplayClass0_0.<Configure>g__MiddlewareFilterBuilder|0(IApplicationBuilder builder)
   at Microsoft.AspNetCore.Server.IIS.Core.IISServerSetupFilter.<>c__DisplayClass2_0.<Configure>b__0(IApplicationBuilder app)
   at Microsoft.AspNetCore.HostFilteringStartupFilter.<>c__DisplayClass0_0.<Configure>b__0(IApplicationBuilder app)
   at Microsoft.AspNetCore.Hosting.GenericWebHostService.StartAsync(CancellationToken cancellationToken)
   at Microsoft.Extensions.Hosting.Internal.Host.StartAsync(CancellationToken cancellationToken)
   at Microsoft.Extensions.Hosting.HostingAbstractionsHostExtensions.RunAsync(IHost host, CancellationToken token)
2022-01-01T12:53:46.5346996+05:30  [FTL] Application startup exception (6c57a5ba)
System.InvalidOperationException: EndpointRoutingMiddleware matches endpoints setup by EndpointMiddleware and so must be added to the request execution pipeline before EndpointMiddleware. Please add EndpointRoutingMiddleware by calling 'IApplicationBuilder.UseRouting' inside the call to 'Configure(...)' in the application startup code.
   at Microsoft.AspNetCore.Builder.EndpointRoutingApplicationBuilderExtensions.VerifyEndpointRoutingMiddlewareIsRegistered(IApplicationBuilder app, DefaultEndpointRouteBuilder& endpointRouteBuilder)
   at Microsoft.AspNetCore.Builder.EndpointRoutingApplicationBuilderExtensions.UseEndpoints(IApplicationBuilder builder, Action`1 configure)
   at Gymone.Web.Startup.Configure(IApplicationBuilder app, IWebHostEnvironment env, ILoggerFactory loggerFactory) in D:\Personal\Profissional\GymOneCore\Gymone\Gymone.Web\Startup.cs:line 142
   at System.RuntimeMethodHandle.InvokeMethod(Object target, Object[] arguments, Signature sig, Boolean constructor, Boolean wrapExceptions)
   at System.Reflection.RuntimeMethodInfo.Invoke(Object obj, BindingFlags invokeAttr, Binder binder, Object[] parameters, CultureInfo culture)
   at Microsoft.AspNetCore.Hosting.ConfigureBuilder.Invoke(Object instance, IApplicationBuilder builder)
   at Microsoft.AspNetCore.Hosting.ConfigureBuilder.<>c__DisplayClass4_0.<Build>b__0(IApplicationBuilder builder)
   at Microsoft.AspNetCore.Hosting.GenericWebHostBuilder.<>c__DisplayClass13_0.<UseStartup>b__2(IApplicationBuilder app)
   at Microsoft.AspNetCore.Mvc.Filters.MiddlewareFilterBuilderStartupFilter.<>c__DisplayClass0_0.<Configure>g__MiddlewareFilterBuilder|0(IApplicationBuilder builder)
   at Microsoft.AspNetCore.Server.IIS.Core.IISServerSetupFilter.<>c__DisplayClass2_0.<Configure>b__0(IApplicationBuilder app)
   at Microsoft.AspNetCore.HostFilteringStartupFilter.<>c__DisplayClass0_0.<Configure>b__0(IApplicationBuilder app)
   at Microsoft.AspNetCore.Hosting.GenericWebHostService.StartAsync(CancellationToken cancellationToken)
   at Microsoft.Extensions.Hosting.Internal.Host.StartAsync(CancellationToken cancellationToken)
   at Microsoft.Extensions.Hosting.HostingAbstractionsHostExtensions.RunAsync(IHost host, CancellationToken token)
2022-01-01T12:54:13.3606231+05:30  [INF] Application started. Press Ctrl+C to shut down. (dcaefe54)
2022-01-01T12:54:13.4015709+05:30  [INF] Hosting environment: "Development" (c3307c92)
2022-01-01T12:54:13.4166432+05:30  [INF] Content root path: "D:\Personal\Profissional\GymOneCore\Gymone\Gymone.Web" (b5d60022)
2022-01-01T12:55:21.9024244+05:30  [INF] Application started. Press Ctrl+C to shut down. (dcaefe54)
2022-01-01T12:55:21.9159736+05:30  [INF] Hosting environment: "Development" (c3307c92)
2022-01-01T12:55:21.9178713+05:30  [INF] Content root path: "D:\Personal\Profissional\GymOneCore\Gymone\Gymone.Web" (b5d60022)
2022-01-01T13:00:38.3279793+05:30  [INF] Application started. Press Ctrl+C to shut down. (dcaefe54)
2022-01-01T13:00:38.3410067+05:30  [INF] Hosting environment: "Development" (c3307c92)
2022-01-01T13:00:38.3428773+05:30  [INF] Content root path: "D:\Personal\Profissional\GymOneCore\Gymone\Gymone.Web" (b5d60022)
2022-01-01T13:04:45.9326232+05:30  [INF] Application started. Press Ctrl+C to shut down. (dcaefe54)
2022-01-01T13:04:45.9478804+05:30  [INF] Hosting environment: "Development" (c3307c92)
2022-01-01T13:04:45.9503504+05:30  [INF] Content root path: "D:\Personal\Profissional\GymOneCore\Gymone\Gymone.Web" (b5d60022)
2022-01-01T13:05:53.9099646+05:30  [INF] Application started. Press Ctrl+C to shut down. (dcaefe54)
2022-01-01T13:05:53.9241767+05:30  [INF] Hosting environment: "Development" (c3307c92)
2022-01-01T13:05:53.9261960+05:30  [INF] Content root path: "D:\Personal\Profissional\GymOneCore\Gymone\Gymone.Web" (b5d60022)
2022-01-01T13:07:56.4123632+05:30  [INF] Application started. Press Ctrl+C to shut down. (dcaefe54)
2022-01-01T13:07:56.4274928+05:30  [INF] Hosting environment: "Development" (c3307c92)
2022-01-01T13:07:56.4307216+05:30  [INF] Content root path: "D:\Personal\Profissional\GymOneCore\Gymone\Gymone.Web" (b5d60022)
2022-01-01T13:08:48.9607717+05:30  [INF] Application started. Press Ctrl+C to shut down. (dcaefe54)
2022-01-01T13:08:48.9731895+05:30  [INF] Hosting environment: "Development" (c3307c92)
2022-01-01T13:08:48.9759815+05:30  [INF] Content root path: "D:\Personal\Profissional\GymOneCore\Gymone\Gymone.Web" (b5d60022)
2022-01-01T13:10:26.6188283+05:30  [INF] Application started. Press Ctrl+C to shut down. (dcaefe54)
2022-01-01T13:10:26.6355820+05:30  [INF] Hosting environment: "Development" (c3307c92)
2022-01-01T13:10:26.6390293+05:30  [INF] Content root path: "D:\Personal\Profissional\GymOneCore\Gymone\Gymone.Web" (b5d60022)
2022-01-01T13:11:22.9114038+05:30  [INF] Application started. Press Ctrl+C to shut down. (dcaefe54)
2022-01-01T13:11:22.9238935+05:30  [INF] Hosting environment: "Development" (c3307c92)
2022-01-01T13:11:22.9263050+05:30  [INF] Content root path: "D:\Personal\Profissional\GymOneCore\Gymone\Gymone.Web" (b5d60022)
2022-01-01T13:11:51.2196728+05:30 80000031-0000-fb00-b63f-84710c7967bb [ERR] An unhandled exception has occurred while executing the request. (48a46595)
System.NullReferenceException: Object reference not set to an instance of an object.
   at Gymone.Web.Models.Home.Views_Home_Error.ExecuteAsync() in D:\Personal\Profissional\GymOneCore\Gymone\Gymone.Web\Views\Home\Error.cshtml:line 4
   at Microsoft.AspNetCore.Mvc.Razor.RazorView.RenderPageCoreAsync(IRazorPage page, ViewContext context)
   at Microsoft.AspNetCore.Mvc.Razor.RazorView.RenderPageAsync(IRazorPage page, ViewContext context, Boolean invokeViewStarts)
   at Microsoft.AspNetCore.Mvc.Razor.RazorView.RenderAsync(ViewContext context)
   at Microsoft.AspNetCore.Mvc.ViewFeatures.ViewExecutor.ExecuteAsync(ViewContext viewContext, String contentType, Nullable`1 statusCode)
   at Microsoft.AspNetCore.Mvc.ViewFeatures.ViewExecutor.ExecuteAsync(ViewContext viewContext, String contentType, Nullable`1 statusCode)
   at Microsoft.AspNetCore.Mvc.ViewFeatures.ViewExecutor.ExecuteAsync(ActionContext actionContext, IView view, ViewDataDictionary viewData, ITempDataDictionary tempData, String contentType, Nullable`1 statusCode)
   at Microsoft.AspNetCore.Mvc.ViewFeatures.ViewResultExecutor.ExecuteAsync(ActionContext context, ViewResult result)
   at Microsoft.AspNetCore.Mvc.ViewResult.ExecuteResultAsync(ActionContext context)
   at Microsoft.AspNetCore.Mvc.Infrastructure.ResourceInvoker.<InvokeNextResultFilterAsync>g__Awaited|29_0[TFilter,TFilterAsync](ResourceInvoker invoker, Task lastTask, State next, Scope scope, Object state, Boolean isCompleted)
   at Microsoft.AspNetCore.Mvc.Infrastructure.ResourceInvoker.Rethrow(ResultExecutedContextSealed context)
   at Microsoft.AspNetCore.Mvc.Infrastructure.ResourceInvoker.ResultNext[TFilter,TFilterAsync](State& next, Scope& scope, Object& state, Boolean& isCompleted)
   at Microsoft.AspNetCore.Mvc.Infrastructure.ResourceInvoker.InvokeResultFilters()
--- End of stack trace from previous location where exception was thrown ---
   at Microsoft.AspNetCore.Mvc.Infrastructure.ResourceInvoker.<InvokeNextResourceFilter>g__Awaited|24_0(ResourceInvoker invoker, Task lastTask, State next, Scope scope, Object state, Boolean isCompleted)
   at Microsoft.AspNetCore.Mvc.Infrastructure.ResourceInvoker.Rethrow(ResourceExecutedContextSealed context)
   at Microsoft.AspNetCore.Mvc.Infrastructure.ResourceInvoker.Next(State& next, Scope& scope, Object& state, Boolean& isCompleted)
   at Microsoft.AspNetCore.Mvc.Infrastructure.ResourceInvoker.InvokeFilterPipelineAsync()
--- End of stack trace from previous location where exception was thrown ---
   at Microsoft.AspNetCore.Mvc.Infrastructure.ResourceInvoker.<InvokeAsync>g__Awaited|17_0(ResourceInvoker invoker, Task task, IDisposable scope)
   at Microsoft.AspNetCore.Builder.RouterMiddleware.Invoke(HttpContext httpContext)
   at Microsoft.AspNetCore.Authentication.AuthenticationMiddleware.Invoke(HttpContext context)
   at Microsoft.AspNetCore.Session.SessionMiddleware.Invoke(HttpContext context)
   at Microsoft.AspNetCore.Session.SessionMiddleware.Invoke(HttpContext context)
   at Microsoft.AspNetCore.Diagnostics.DeveloperExceptionPageMiddleware.Invoke(HttpContext context)
2022-01-01T13:14:26.8726622+05:30  [INF] Application started. Press Ctrl+C to shut down. (dcaefe54)
2022-01-01T13:14:26.8878682+05:30  [INF] Hosting environment: "Development" (c3307c92)
2022-01-01T13:14:26.8918612+05:30  [INF] Content root path: "D:\Personal\Profissional\GymOneCore\Gymone\Gymone.Web" (b5d60022)
2022-01-01T13:17:24.6905236+05:30  [INF] Application started. Press Ctrl+C to shut down. (dcaefe54)
2022-01-01T13:17:24.7065084+05:30  [INF] Hosting environment: "Development" (c3307c92)
2022-01-01T13:17:24.7108397+05:30  [INF] Content root path: "D:\Personal\Profissional\GymOneCore\Gymone\Gymone.Web" (b5d60022)
2022-01-01T13:18:46.4167405+05:30  [INF] Application started. Press Ctrl+C to shut down. (dcaefe54)
2022-01-01T13:18:46.4321210+05:30  [INF] Hosting environment: "Development" (c3307c92)
2022-01-01T13:18:46.4341712+05:30  [INF] Content root path: "D:\Personal\Profissional\GymOneCore\Gymone\Gymone.Web" (b5d60022)
2022-01-01T13:24:22.2522532+05:30  [INF] Application started. Press Ctrl+C to shut down. (dcaefe54)
2022-01-01T13:24:22.2671516+05:30  [INF] Hosting environment: "Development" (c3307c92)
2022-01-01T13:24:22.2701212+05:30  [INF] Content root path: "D:\Personal\Profissional\GymOneCore\Gymone\Gymone.Web" (b5d60022)
2022-01-01T13:25:02.1388932+05:30  [INF] Application started. Press Ctrl+C to shut down. (dcaefe54)
2022-01-01T13:25:02.1585388+05:30  [INF] Hosting environment: "Development" (c3307c92)
2022-01-01T13:25:02.1620584+05:30  [INF] Content root path: "D:\Personal\Profissional\GymOneCore\Gymone\Gymone.Web" (b5d60022)
2022-01-01T13:33:12.4738428+05:30  [INF] Application started. Press Ctrl+C to shut down. (dcaefe54)
2022-01-01T13:33:12.4988326+05:30  [INF] Hosting environment: "Development" (c3307c92)
2022-01-01T13:33:12.5191636+05:30  [INF] Content root path: "D:\Personal\Profissional\GymOneCore\Gymone\Gymone.Web" (b5d60022)
2022-01-01T14:11:50.2830709+05:30  [INF] Application started. Press Ctrl+C to shut down. (dcaefe54)
2022-01-01T14:11:50.2958258+05:30  [INF] Hosting environment: "Development" (c3307c92)
2022-01-01T14:11:50.2987264+05:30  [INF] Content root path: "D:\Personal\Profissional\GymOneCore\Gymone\Gymone.Web" (b5d60022)
2022-01-01T14:12:19.0564587+05:30  [INF] Application started. Press Ctrl+C to shut down. (dcaefe54)
2022-01-01T14:12:19.1798870+05:30  [INF] Hosting environment: "Development" (c3307c92)
2022-01-01T14:12:19.2153494+05:30  [INF] Content root path: "D:\Personal\Profissional\GymOneCore\Gymone\Gymone.Web" (b5d60022)
2022-01-01T14:14:43.0762754+05:30  [INF] Application started. Press Ctrl+C to shut down. (dcaefe54)
2022-01-01T14:14:43.0960517+05:30  [INF] Hosting environment: "Development" (c3307c92)
2022-01-01T14:14:43.1034488+05:30  [INF] Content root path: "D:\Personal\Profissional\GymOneCore\Gymone\Gymone.Web" (b5d60022)
2022-01-01T14:18:56.5724201+05:30  [INF] Application started. Press Ctrl+C to shut down. (dcaefe54)
2022-01-01T14:18:56.5851999+05:30  [INF] Hosting environment: "Development" (c3307c92)
2022-01-01T14:18:56.5870498+05:30  [INF] Content root path: "D:\Personal\Profissional\GymOneCore\Gymone\Gymone.Web" (b5d60022)
2022-01-01T14:19:35.4409135+05:30  [INF] Application started. Press Ctrl+C to shut down. (dcaefe54)
2022-01-01T14:19:35.4557942+05:30  [INF] Hosting environment: "Development" (c3307c92)
2022-01-01T14:19:35.4576974+05:30  [INF] Content root path: "D:\Personal\Profissional\GymOneCore\Gymone\Gymone.Web" (b5d60022)
2022-01-01T14:20:03.3841007+05:30  [INF] Application started. Press Ctrl+C to shut down. (dcaefe54)
2022-01-01T14:20:03.4019606+05:30  [INF] Hosting environment: "Development" (c3307c92)
2022-01-01T14:20:03.4128152+05:30  [INF] Content root path: "D:\Personal\Profissional\GymOneCore\Gymone\Gymone.Web" (b5d60022)
2022-01-01T14:20:56.6361729+05:30  [INF] Application started. Press Ctrl+C to shut down. (dcaefe54)
2022-01-01T14:20:56.6510504+05:30  [INF] Hosting environment: "Development" (c3307c92)
2022-01-01T14:20:56.6529373+05:30  [INF] Content root path: "D:\Personal\Profissional\GymOneCore\Gymone\Gymone.Web" (b5d60022)
2022-01-01T14:21:43.4815425+05:30  [INF] Application started. Press Ctrl+C to shut down. (dcaefe54)
2022-01-01T14:21:43.4934397+05:30  [INF] Hosting environment: "Development" (c3307c92)
2022-01-01T14:21:43.4952279+05:30  [INF] Content root path: "D:\Personal\Profissional\GymOneCore\Gymone\Gymone.Web" (b5d60022)
2022-01-01T14:24:23.4799725+05:30  [INF] Application started. Press Ctrl+C to shut down. (dcaefe54)
2022-01-01T14:24:23.5040589+05:30  [INF] Hosting environment: "Development" (c3307c92)
2022-01-01T14:24:23.5081360+05:30  [INF] Content root path: "D:\Personal\Profissional\GymOneCore\Gymone\Gymone.Web" (b5d60022)
2022-01-01T14:25:59.1129933+05:30  [INF] Application started. Press Ctrl+C to shut down. (dcaefe54)
2022-01-01T14:25:59.1289629+05:30  [INF] Hosting environment: "Development" (c3307c92)
2022-01-01T14:25:59.1365607+05:30  [INF] Content root path: "D:\Personal\Profissional\GymOneCore\Gymone\Gymone.Web" (b5d60022)
2022-01-01T14:28:41.8841593+05:30  [INF] Application started. Press Ctrl+C to shut down. (dcaefe54)
2022-01-01T14:28:41.9025764+05:30  [INF] Hosting environment: "Development" (c3307c92)
2022-01-01T14:28:41.9049212+05:30  [INF] Content root path: "D:\Personal\Profissional\GymOneCore\Gymone\Gymone.Web" (b5d60022)
2022-01-01T14:36:23.7737787+05:30  [INF] Application started. Press Ctrl+C to shut down. (dcaefe54)
2022-01-01T14:36:23.8298838+05:30  [INF] Hosting environment: "Development" (c3307c92)
2022-01-01T14:36:23.8523096+05:30  [INF] Content root path: "D:\Personal\Profissional\GymOneCore\Gymone\Gymone.Web" (b5d60022)
2022-01-01T14:37:00.6864748+05:30  [INF] Application started. Press Ctrl+C to shut down. (dcaefe54)
2022-01-01T14:37:00.7372511+05:30  [INF] Hosting environment: "Development" (c3307c92)
2022-01-01T14:37:00.7399837+05:30  [INF] Content root path: "D:\Personal\Profissional\GymOneCore\Gymone\Gymone.Web" (b5d60022)
2022-01-01T14:38:12.8099180+05:30  [INF] Application started. Press Ctrl+C to shut down. (dcaefe54)
2022-01-01T14:38:12.8348523+05:30  [INF] Hosting environment: "Development" (c3307c92)
2022-01-01T14:38:12.8625087+05:30  [INF] Content root path: "D:\Personal\Profissional\GymOneCore\Gymone\Gymone.Web" (b5d60022)
2022-01-01T14:40:18.2314687+05:30  [INF] Application started. Press Ctrl+C to shut down. (dcaefe54)
2022-01-01T14:40:18.2515993+05:30  [INF] Hosting environment: "Development" (c3307c92)
2022-01-01T14:40:18.2553873+05:30  [INF] Content root path: "D:\Personal\Profissional\GymOneCore\Gymone\Gymone.Web" (b5d60022)
2022-01-01T14:45:55.0572640+05:30  [INF] Application started. Press Ctrl+C to shut down. (dcaefe54)
2022-01-01T14:45:55.0690710+05:30  [INF] Hosting environment: "Development" (c3307c92)
2022-01-01T14:45:55.1023044+05:30  [INF] Content root path: "D:\Personal\Profissional\GymOneCore\Gymone\Gymone.Web" (b5d60022)
2022-01-01T14:47:55.4828719+05:30  [INF] Application started. Press Ctrl+C to shut down. (dcaefe54)
2022-01-01T14:47:55.4967172+05:30  [INF] Hosting environment: "Development" (c3307c92)
2022-01-01T14:47:55.4985453+05:30  [INF] Content root path: "D:\Personal\Profissional\GymOneCore\Gymone\Gymone.Web" (b5d60022)
2022-01-01T14:56:22.3510281+05:30  [INF] Application started. Press Ctrl+C to shut down. (dcaefe54)
2022-01-01T14:56:22.4029079+05:30  [INF] Hosting environment: "Development" (c3307c92)
2022-01-01T14:56:22.4056533+05:30  [INF] Content root path: "D:\Personal\Profissional\GymOneCore\Gymone\Gymone.Web" (b5d60022)
2022-01-01T14:58:36.4170492+05:30  [INF] Application started. Press Ctrl+C to shut down. (dcaefe54)
2022-01-01T14:58:36.4334052+05:30  [INF] Hosting environment: "Development" (c3307c92)
2022-01-01T14:58:36.4350858+05:30  [INF] Content root path: "D:\Personal\Profissional\GymOneCore\Gymone\Gymone.Web" (b5d60022)
2022-01-01T14:59:40.9053115+05:30  [INF] Application started. Press Ctrl+C to shut down. (dcaefe54)
2022-01-01T14:59:40.9242715+05:30  [INF] Hosting environment: "Development" (c3307c92)
2022-01-01T14:59:40.9487960+05:30  [INF] Content root path: "D:\Personal\Profissional\GymOneCore\Gymone\Gymone.Web" (b5d60022)
2022-01-01T15:00:55.5853385+05:30  [INF] Application started. Press Ctrl+C to shut down. (dcaefe54)
2022-01-01T15:00:55.5969695+05:30  [INF] Hosting environment: "Development" (c3307c92)
2022-01-01T15:00:55.5989370+05:30  [INF] Content root path: "D:\Personal\Profissional\GymOneCore\Gymone\Gymone.Web" (b5d60022)
2022-01-01T15:02:23.4252780+05:30  [INF] Application started. Press Ctrl+C to shut down. (dcaefe54)
2022-01-01T15:02:23.4374119+05:30  [INF] Hosting environment: "Development" (c3307c92)
2022-01-01T15:02:23.4395938+05:30  [INF] Content root path: "D:\Personal\Profissional\GymOneCore\Gymone\Gymone.Web" (b5d60022)
2022-01-01T15:03:17.2075121+05:30  [INF] Application started. Press Ctrl+C to shut down. (dcaefe54)
2022-01-01T15:03:17.2243223+05:30  [INF] Hosting environment: "Development" (c3307c92)
2022-01-01T15:03:17.2271742+05:30  [INF] Content root path: "D:\Personal\Profissional\GymOneCore\Gymone\Gymone.Web" (b5d60022)
2022-01-01T15:05:03.3727895+05:30  [INF] Application started. Press Ctrl+C to shut down. (dcaefe54)
2022-01-01T15:05:03.4117227+05:30  [INF] Hosting environment: "Development" (c3307c92)
2022-01-01T15:05:03.4138924+05:30  [INF] Content root path: "D:\Personal\Profissional\GymOneCore\Gymone\Gymone.Web" (b5d60022)
2022-01-01T15:07:06.3229501+05:30  [INF] Application started. Press Ctrl+C to shut down. (dcaefe54)
2022-01-01T15:07:06.3401503+05:30  [INF] Hosting environment: "Development" (c3307c92)
2022-01-01T15:07:06.3431242+05:30  [INF] Content root path: "D:\Personal\Profissional\GymOneCore\Gymone\Gymone.Web" (b5d60022)
2022-01-01T15:09:09.9414573+05:30  [INF] Application started. Press Ctrl+C to shut down. (dcaefe54)
2022-01-01T15:09:09.9624985+05:30  [INF] Hosting environment: "Development" (c3307c92)
2022-01-01T15:09:09.9666159+05:30  [INF] Content root path: "D:\Personal\Profissional\GymOneCore\Gymone\Gymone.Web" (b5d60022)
2022-01-01T15:11:31.6331274+05:30  [INF] Application started. Press Ctrl+C to shut down. (dcaefe54)
2022-01-01T15:11:31.6547989+05:30  [INF] Hosting environment: "Development" (c3307c92)
2022-01-01T15:11:31.6596622+05:30  [INF] Content root path: "D:\Personal\Profissional\GymOneCore\Gymone\Gymone.Web" (b5d60022)
2022-01-01T15:12:19.1372509+05:30  [INF] Application started. Press Ctrl+C to shut down. (dcaefe54)
2022-01-01T15:12:19.1565391+05:30  [INF] Hosting environment: "Development" (c3307c92)
2022-01-01T15:12:19.1595748+05:30  [INF] Content root path: "D:\Personal\Profissional\GymOneCore\Gymone\Gymone.Web" (b5d60022)
2022-01-01T15:13:57.3008771+05:30  [INF] Application started. Press Ctrl+C to shut down. (dcaefe54)
2022-01-01T15:13:57.3213562+05:30  [INF] Hosting environment: "Development" (c3307c92)
2022-01-01T15:13:57.3235076+05:30  [INF] Content root path: "D:\Personal\Profissional\GymOneCore\Gymone\Gymone.Web" (b5d60022)
2022-01-01T20:33:19.6188567+05:30  [INF] Application started. Press Ctrl+C to shut down. (dcaefe54)
2022-01-01T20:33:19.6381058+05:30  [INF] Hosting environment: "Development" (c3307c92)
2022-01-01T20:33:19.6407937+05:30  [INF] Content root path: "D:\Personal\Profissional\GymOneCore\Gymone\Gymone.Web" (b5d60022)
