2022-01-02T08:12:48.0576613+05:30  [INF] Application started. Press Ctrl+C to shut down. (dcaefe54)
2022-01-02T08:12:48.0771171+05:30  [INF] Hosting environment: "Development" (c3307c92)
2022-01-02T08:12:48.0802998+05:30  [INF] Content root path: "D:\Personal\Profissional\GymOneCore\Gymone\Gymone.Web" (b5d60022)
2022-01-02T08:13:40.7836968+05:30  [INF] Application started. Press Ctrl+C to shut down. (dcaefe54)
2022-01-02T08:13:40.8005402+05:30  [INF] Hosting environment: "Development" (c3307c92)
2022-01-02T08:13:40.8030131+05:30  [INF] Content root path: "D:\Personal\Profissional\GymOneCore\Gymone\Gymone.Web" (b5d60022)
2022-01-02T08:20:55.3972022+05:30  [INF] Application started. Press Ctrl+C to shut down. (dcaefe54)
2022-01-02T08:20:55.4111694+05:30  [INF] Hosting environment: "Development" (c3307c92)
2022-01-02T08:20:55.4129730+05:30  [INF] Content root path: "D:\Personal\Profissional\GymOneCore\Gymone\Gymone.Web" (b5d60022)
2022-01-02T08:24:49.3195561+05:30  [INF] Application started. Press Ctrl+C to shut down. (dcaefe54)
2022-01-02T08:24:49.3318583+05:30  [INF] Hosting environment: "Development" (c3307c92)
2022-01-02T08:24:49.3338910+05:30  [INF] Content root path: "D:\Personal\Profissional\GymOneCore\Gymone\Gymone.Web" (b5d60022)
2022-01-02T08:25:46.3435303+05:30  [INF] Application started. Press Ctrl+C to shut down. (dcaefe54)
2022-01-02T08:25:46.3569603+05:30  [INF] Hosting environment: "Development" (c3307c92)
2022-01-02T08:25:46.3586845+05:30  [INF] Content root path: "D:\Personal\Profissional\GymOneCore\Gymone\Gymone.Web" (b5d60022)
2022-01-02T08:27:06.4985251+05:30  [INF] Application started. Press Ctrl+C to shut down. (dcaefe54)
2022-01-02T08:27:06.5231104+05:30  [INF] Hosting environment: "Development" (c3307c92)
2022-01-02T08:27:06.5275142+05:30  [INF] Content root path: "D:\Personal\Profissional\GymOneCore\Gymone\Gymone.Web" (b5d60022)
2022-01-02T08:27:31.7960402+05:30  [INF] Application started. Press Ctrl+C to shut down. (dcaefe54)
2022-01-02T08:27:31.8080770+05:30  [INF] Hosting environment: "Development" (c3307c92)
2022-01-02T08:27:31.8100066+05:30  [INF] Content root path: "D:\Personal\Profissional\GymOneCore\Gymone\Gymone.Web" (b5d60022)
2022-01-02T08:28:59.4071650+05:30 8000000f-0000-ff00-b63f-84710c7967bb [ERR] An unhandled exception has occurred while executing the request. (48a46595)
System.Net.Http.HttpRequestException: The SSL connection could not be established, see inner exception.
 ---> System.Security.Authentication.AuthenticationException: The remote certificate is invalid according to the validation procedure.
   at System.Net.Security.SslStream.StartSendAuthResetSignal(ProtocolToken message, AsyncProtocolRequest asyncRequest, ExceptionDispatchInfo exception)
   at System.Net.Security.SslStream.CheckCompletionBeforeNextReceive(ProtocolToken message, AsyncProtocolRequest asyncRequest)
   at System.Net.Security.SslStream.StartSendBlob(Byte[] incoming, Int32 count, AsyncProtocolRequest asyncRequest)
   at System.Net.Security.SslStream.ProcessReceivedBlob(Byte[] buffer, Int32 count, AsyncProtocolRequest asyncRequest)
   at System.Net.Security.SslStream.StartReadFrame(Byte[] buffer, Int32 readBytes, AsyncProtocolRequest asyncRequest)
   at System.Net.Security.SslStream.StartReceiveBlob(Byte[] buffer, AsyncProtocolRequest asyncRequest)
   at System.Net.Security.SslStream.CheckCompletionBeforeNextReceive(ProtocolToken message, AsyncProtocolRequest asyncRequest)
   at System.Net.Security.SslStream.StartSendBlob(Byte[] incoming, Int32 count, AsyncProtocolRequest asyncRequest)
   at System.Net.Security.SslStream.ProcessReceivedBlob(Byte[] buffer, Int32 count, AsyncProtocolRequest asyncRequest)
   at System.Net.Security.SslStream.StartReadFrame(Byte[] buffer, Int32 readBytes, AsyncProtocolRequest asyncRequest)
   at System.Net.Security.SslStream.PartialFrameCallback(AsyncProtocolRequest asyncRequest)
--- End of stack trace from previous location where exception was thrown ---
   at System.Net.Security.SslStream.ThrowIfExceptional()
   at System.Net.Security.SslStream.InternalEndProcessAuthentication(LazyAsyncResult lazyResult)
   at System.Net.Security.SslStream.EndProcessAuthentication(IAsyncResult result)
   at System.Net.Security.SslStream.EndAuthenticateAsClient(IAsyncResult asyncResult)
   at System.Net.Security.SslStream.<>c.<AuthenticateAsClientAsync>b__65_1(IAsyncResult iar)
   at System.Threading.Tasks.TaskFactory`1.FromAsyncCoreLogic(IAsyncResult iar, Func`2 endFunction, Action`1 endAction, Task`1 promise, Boolean requiresSynchronization)
--- End of stack trace from previous location where exception was thrown ---
   at System.Net.Http.ConnectHelper.EstablishSslConnectionAsyncCore(Stream stream, SslClientAuthenticationOptions sslOptions, CancellationToken cancellationToken)
   --- End of inner exception stack trace ---
   at System.Net.Http.ConnectHelper.EstablishSslConnectionAsyncCore(Stream stream, SslClientAuthenticationOptions sslOptions, CancellationToken cancellationToken)
   at System.Net.Http.HttpConnectionPool.ConnectAsync(HttpRequestMessage request, Boolean allowHttp2, CancellationToken cancellationToken)
   at System.Net.Http.HttpConnectionPool.CreateHttp11ConnectionAsync(HttpRequestMessage request, CancellationToken cancellationToken)
   at System.Net.Http.HttpConnectionPool.GetHttpConnectionAsync(HttpRequestMessage request, CancellationToken cancellationToken)
   at System.Net.Http.HttpConnectionPool.SendWithRetryAsync(HttpRequestMessage request, Boolean doRequestAuth, CancellationToken cancellationToken)
   at System.Net.Http.RedirectHandler.SendAsync(HttpRequestMessage request, CancellationToken cancellationToken)
   at System.Net.Http.DiagnosticsHandler.SendAsync(HttpRequestMessage request, CancellationToken cancellationToken)
   at System.Net.Http.HttpClient.FinishSendAsyncBuffered(Task`1 sendTask, HttpRequestMessage request, CancellationTokenSource cts, Boolean disposeCts)
   at Gymone.Web.Controllers.AccountController.Login(Login login) in D:\Personal\Profissional\GymOneCore\Gymone\Gymone.Web\Controllers\AccountController.cs:line 44
   at Microsoft.AspNetCore.Mvc.Infrastructure.ActionMethodExecutor.TaskOfIActionResultExecutor.Execute(IActionResultTypeMapper mapper, ObjectMethodExecutor executor, Object controller, Object[] arguments)
   at Microsoft.AspNetCore.Mvc.Infrastructure.ControllerActionInvoker.<InvokeActionMethodAsync>g__Awaited|12_0(ControllerActionInvoker invoker, ValueTask`1 actionResultValueTask)
   at Microsoft.AspNetCore.Mvc.Infrastructure.ControllerActionInvoker.<InvokeNextActionFilterAsync>g__Awaited|10_0(ControllerActionInvoker invoker, Task lastTask, State next, Scope scope, Object state, Boolean isCompleted)
   at Microsoft.AspNetCore.Mvc.Infrastructure.ControllerActionInvoker.Rethrow(ActionExecutedContextSealed context)
   at Microsoft.AspNetCore.Mvc.Infrastructure.ControllerActionInvoker.Next(State& next, Scope& scope, Object& state, Boolean& isCompleted)
   at Microsoft.AspNetCore.Mvc.Infrastructure.ControllerActionInvoker.<InvokeInnerFilterAsync>g__Awaited|13_0(ControllerActionInvoker invoker, Task lastTask, State next, Scope scope, Object state, Boolean isCompleted)
   at Microsoft.AspNetCore.Mvc.Infrastructure.ResourceInvoker.<InvokeNextResourceFilter>g__Awaited|24_0(ResourceInvoker invoker, Task lastTask, State next, Scope scope, Object state, Boolean isCompleted)
   at Microsoft.AspNetCore.Mvc.Infrastructure.ResourceInvoker.Rethrow(ResourceExecutedContextSealed context)
   at Microsoft.AspNetCore.Mvc.Infrastructure.ResourceInvoker.Next(State& next, Scope& scope, Object& state, Boolean& isCompleted)
   at Microsoft.AspNetCore.Mvc.Infrastructure.ResourceInvoker.<InvokeFilterPipelineAsync>g__Awaited|19_0(ResourceInvoker invoker, Task lastTask, State next, Scope scope, Object state, Boolean isCompleted)
   at Microsoft.AspNetCore.Mvc.Infrastructure.ResourceInvoker.<InvokeAsync>g__Awaited|17_0(ResourceInvoker invoker, Task task, IDisposable scope)
   at Microsoft.AspNetCore.Builder.RouterMiddleware.Invoke(HttpContext httpContext)
   at Microsoft.AspNetCore.Authentication.AuthenticationMiddleware.Invoke(HttpContext context)
   at Microsoft.AspNetCore.Session.SessionMiddleware.Invoke(HttpContext context)
   at Microsoft.AspNetCore.Session.SessionMiddleware.Invoke(HttpContext context)
   at Microsoft.AspNetCore.Diagnostics.DeveloperExceptionPageMiddleware.Invoke(HttpContext context)
2022-01-02T08:32:15.3687074+05:30  [INF] Application started. Press Ctrl+C to shut down. (dcaefe54)
2022-01-02T08:32:15.3880096+05:30  [INF] Hosting environment: "Development" (c3307c92)
2022-01-02T08:32:15.3939928+05:30  [INF] Content root path: "D:\Personal\Profissional\GymOneCore\Gymone\Gymone.Web" (b5d60022)
2022-01-02T08:33:04.4259294+05:30 8000002e-0003-ff00-b63f-84710c7967bb [ERR] An unhandled exception has occurred while executing the request. (48a46595)
System.Net.Http.HttpRequestException: No connection could be made because the target machine actively refused it.
 ---> System.Net.Sockets.SocketException (10061): No connection could be made because the target machine actively refused it.
   at System.Net.Http.ConnectHelper.ConnectAsync(String host, Int32 port, CancellationToken cancellationToken)
   --- End of inner exception stack trace ---
   at System.Net.Http.ConnectHelper.ConnectAsync(String host, Int32 port, CancellationToken cancellationToken)
   at System.Net.Http.HttpConnectionPool.ConnectAsync(HttpRequestMessage request, Boolean allowHttp2, CancellationToken cancellationToken)
   at System.Net.Http.HttpConnectionPool.CreateHttp11ConnectionAsync(HttpRequestMessage request, CancellationToken cancellationToken)
   at System.Net.Http.HttpConnectionPool.GetHttpConnectionAsync(HttpRequestMessage request, CancellationToken cancellationToken)
   at System.Net.Http.HttpConnectionPool.SendWithRetryAsync(HttpRequestMessage request, Boolean doRequestAuth, CancellationToken cancellationToken)
   at System.Net.Http.RedirectHandler.SendAsync(HttpRequestMessage request, CancellationToken cancellationToken)
   at System.Net.Http.DiagnosticsHandler.SendAsync(HttpRequestMessage request, CancellationToken cancellationToken)
   at System.Net.Http.HttpClient.FinishSendAsyncBuffered(Task`1 sendTask, HttpRequestMessage request, CancellationTokenSource cts, Boolean disposeCts)
   at Gymone.Web.Controllers.AccountController.Login(Login login) in D:\Personal\Profissional\GymOneCore\Gymone\Gymone.Web\Controllers\AccountController.cs:line 44
   at Microsoft.AspNetCore.Mvc.Infrastructure.ActionMethodExecutor.TaskOfIActionResultExecutor.Execute(IActionResultTypeMapper mapper, ObjectMethodExecutor executor, Object controller, Object[] arguments)
   at Microsoft.AspNetCore.Mvc.Infrastructure.ControllerActionInvoker.<InvokeActionMethodAsync>g__Awaited|12_0(ControllerActionInvoker invoker, ValueTask`1 actionResultValueTask)
   at Microsoft.AspNetCore.Mvc.Infrastructure.ControllerActionInvoker.<InvokeNextActionFilterAsync>g__Awaited|10_0(ControllerActionInvoker invoker, Task lastTask, State next, Scope scope, Object state, Boolean isCompleted)
   at Microsoft.AspNetCore.Mvc.Infrastructure.ControllerActionInvoker.Rethrow(ActionExecutedContextSealed context)
   at Microsoft.AspNetCore.Mvc.Infrastructure.ControllerActionInvoker.Next(State& next, Scope& scope, Object& state, Boolean& isCompleted)
   at Microsoft.AspNetCore.Mvc.Infrastructure.ControllerActionInvoker.<InvokeInnerFilterAsync>g__Awaited|13_0(ControllerActionInvoker invoker, Task lastTask, State next, Scope scope, Object state, Boolean isCompleted)
   at Microsoft.AspNetCore.Mvc.Infrastructure.ResourceInvoker.<InvokeNextResourceFilter>g__Awaited|24_0(ResourceInvoker invoker, Task lastTask, State next, Scope scope, Object state, Boolean isCompleted)
   at Microsoft.AspNetCore.Mvc.Infrastructure.ResourceInvoker.Rethrow(ResourceExecutedContextSealed context)
   at Microsoft.AspNetCore.Mvc.Infrastructure.ResourceInvoker.Next(State& next, Scope& scope, Object& state, Boolean& isCompleted)
   at Microsoft.AspNetCore.Mvc.Infrastructure.ResourceInvoker.<InvokeFilterPipelineAsync>g__Awaited|19_0(ResourceInvoker invoker, Task lastTask, State next, Scope scope, Object state, Boolean isCompleted)
   at Microsoft.AspNetCore.Mvc.Infrastructure.ResourceInvoker.<InvokeAsync>g__Awaited|17_0(ResourceInvoker invoker, Task task, IDisposable scope)
   at Microsoft.AspNetCore.Builder.RouterMiddleware.Invoke(HttpContext httpContext)
   at Microsoft.AspNetCore.Authentication.AuthenticationMiddleware.Invoke(HttpContext context)
   at Microsoft.AspNetCore.Session.SessionMiddleware.Invoke(HttpContext context)
   at Microsoft.AspNetCore.Session.SessionMiddleware.Invoke(HttpContext context)
   at Microsoft.AspNetCore.Diagnostics.DeveloperExceptionPageMiddleware.Invoke(HttpContext context)
2022-01-02T08:36:09.2351372+05:30  [INF] Application started. Press Ctrl+C to shut down. (dcaefe54)
2022-01-02T08:36:09.2521949+05:30  [INF] Hosting environment: "Development" (c3307c92)
2022-01-02T08:36:09.2551300+05:30  [INF] Content root path: "D:\Personal\Profissional\GymOneCore\Gymone\Gymone.Web" (b5d60022)
2022-01-02T08:36:59.5307939+05:30 80000008-0003-fd00-b63f-84710c7967bb [ERR] An unhandled exception has occurred while executing the request. (48a46595)
System.Net.Http.HttpRequestException: The SSL connection could not be established, see inner exception.
 ---> System.Security.Authentication.AuthenticationException: The remote certificate is invalid according to the validation procedure.
   at System.Net.Security.SslStream.StartSendAuthResetSignal(ProtocolToken message, AsyncProtocolRequest asyncRequest, ExceptionDispatchInfo exception)
   at System.Net.Security.SslStream.CheckCompletionBeforeNextReceive(ProtocolToken message, AsyncProtocolRequest asyncRequest)
   at System.Net.Security.SslStream.StartSendBlob(Byte[] incoming, Int32 count, AsyncProtocolRequest asyncRequest)
   at System.Net.Security.SslStream.ProcessReceivedBlob(Byte[] buffer, Int32 count, AsyncProtocolRequest asyncRequest)
   at System.Net.Security.SslStream.StartReadFrame(Byte[] buffer, Int32 readBytes, AsyncProtocolRequest asyncRequest)
   at System.Net.Security.SslStream.StartReceiveBlob(Byte[] buffer, AsyncProtocolRequest asyncRequest)
   at System.Net.Security.SslStream.CheckCompletionBeforeNextReceive(ProtocolToken message, AsyncProtocolRequest asyncRequest)
   at System.Net.Security.SslStream.StartSendBlob(Byte[] incoming, Int32 count, AsyncProtocolRequest asyncRequest)
   at System.Net.Security.SslStream.ProcessReceivedBlob(Byte[] buffer, Int32 count, AsyncProtocolRequest asyncRequest)
   at System.Net.Security.SslStream.StartReadFrame(Byte[] buffer, Int32 readBytes, AsyncProtocolRequest asyncRequest)
   at System.Net.Security.SslStream.PartialFrameCallback(AsyncProtocolRequest asyncRequest)
--- End of stack trace from previous location where exception was thrown ---
   at System.Net.Security.SslStream.ThrowIfExceptional()
   at System.Net.Security.SslStream.InternalEndProcessAuthentication(LazyAsyncResult lazyResult)
   at System.Net.Security.SslStream.EndProcessAuthentication(IAsyncResult result)
   at System.Net.Security.SslStream.EndAuthenticateAsClient(IAsyncResult asyncResult)
   at System.Net.Security.SslStream.<>c.<AuthenticateAsClientAsync>b__65_1(IAsyncResult iar)
   at System.Threading.Tasks.TaskFactory`1.FromAsyncCoreLogic(IAsyncResult iar, Func`2 endFunction, Action`1 endAction, Task`1 promise, Boolean requiresSynchronization)
--- End of stack trace from previous location where exception was thrown ---
   at System.Net.Http.ConnectHelper.EstablishSslConnectionAsyncCore(Stream stream, SslClientAuthenticationOptions sslOptions, CancellationToken cancellationToken)
   --- End of inner exception stack trace ---
   at System.Net.Http.ConnectHelper.EstablishSslConnectionAsyncCore(Stream stream, SslClientAuthenticationOptions sslOptions, CancellationToken cancellationToken)
   at System.Net.Http.HttpConnectionPool.ConnectAsync(HttpRequestMessage request, Boolean allowHttp2, CancellationToken cancellationToken)
   at System.Net.Http.HttpConnectionPool.CreateHttp11ConnectionAsync(HttpRequestMessage request, CancellationToken cancellationToken)
   at System.Net.Http.HttpConnectionPool.GetHttpConnectionAsync(HttpRequestMessage request, CancellationToken cancellationToken)
   at System.Net.Http.HttpConnectionPool.SendWithRetryAsync(HttpRequestMessage request, Boolean doRequestAuth, CancellationToken cancellationToken)
   at System.Net.Http.RedirectHandler.SendAsync(HttpRequestMessage request, CancellationToken cancellationToken)
   at System.Net.Http.DiagnosticsHandler.SendAsync(HttpRequestMessage request, CancellationToken cancellationToken)
   at System.Net.Http.HttpClient.FinishSendAsyncBuffered(Task`1 sendTask, HttpRequestMessage request, CancellationTokenSource cts, Boolean disposeCts)
   at Gymone.Web.Controllers.AccountController.Login(Login login) in D:\Personal\Profissional\GymOneCore\Gymone\Gymone.Web\Controllers\AccountController.cs:line 44
   at Microsoft.AspNetCore.Mvc.Infrastructure.ActionMethodExecutor.TaskOfIActionResultExecutor.Execute(IActionResultTypeMapper mapper, ObjectMethodExecutor executor, Object controller, Object[] arguments)
   at Microsoft.AspNetCore.Mvc.Infrastructure.ControllerActionInvoker.<InvokeActionMethodAsync>g__Awaited|12_0(ControllerActionInvoker invoker, ValueTask`1 actionResultValueTask)
   at Microsoft.AspNetCore.Mvc.Infrastructure.ControllerActionInvoker.<InvokeNextActionFilterAsync>g__Awaited|10_0(ControllerActionInvoker invoker, Task lastTask, State next, Scope scope, Object state, Boolean isCompleted)
   at Microsoft.AspNetCore.Mvc.Infrastructure.ControllerActionInvoker.Rethrow(ActionExecutedContextSealed context)
   at Microsoft.AspNetCore.Mvc.Infrastructure.ControllerActionInvoker.Next(State& next, Scope& scope, Object& state, Boolean& isCompleted)
   at Microsoft.AspNetCore.Mvc.Infrastructure.ControllerActionInvoker.<InvokeInnerFilterAsync>g__Awaited|13_0(ControllerActionInvoker invoker, Task lastTask, State next, Scope scope, Object state, Boolean isCompleted)
   at Microsoft.AspNetCore.Mvc.Infrastructure.ResourceInvoker.<InvokeNextResourceFilter>g__Awaited|24_0(ResourceInvoker invoker, Task lastTask, State next, Scope scope, Object state, Boolean isCompleted)
   at Microsoft.AspNetCore.Mvc.Infrastructure.ResourceInvoker.Rethrow(ResourceExecutedContextSealed context)
   at Microsoft.AspNetCore.Mvc.Infrastructure.ResourceInvoker.Next(State& next, Scope& scope, Object& state, Boolean& isCompleted)
   at Microsoft.AspNetCore.Mvc.Infrastructure.ResourceInvoker.<InvokeFilterPipelineAsync>g__Awaited|19_0(ResourceInvoker invoker, Task lastTask, State next, Scope scope, Object state, Boolean isCompleted)
   at Microsoft.AspNetCore.Mvc.Infrastructure.ResourceInvoker.<InvokeAsync>g__Awaited|17_0(ResourceInvoker invoker, Task task, IDisposable scope)
   at Microsoft.AspNetCore.Builder.RouterMiddleware.Invoke(HttpContext httpContext)
   at Microsoft.AspNetCore.Authentication.AuthenticationMiddleware.Invoke(HttpContext context)
   at Microsoft.AspNetCore.Session.SessionMiddleware.Invoke(HttpContext context)
   at Microsoft.AspNetCore.Session.SessionMiddleware.Invoke(HttpContext context)
   at Microsoft.AspNetCore.Diagnostics.DeveloperExceptionPageMiddleware.Invoke(HttpContext context)
2022-01-02T08:40:56.6742498+05:30  [INF] Application started. Press Ctrl+C to shut down. (dcaefe54)
2022-01-02T08:40:56.6863919+05:30  [INF] Hosting environment: "Development" (c3307c92)
2022-01-02T08:40:56.6883893+05:30  [INF] Content root path: "D:\Personal\Profissional\GymOneCore\Gymone\Gymone.Web" (b5d60022)
2022-01-02T08:55:17.7575267+05:30  [INF] Application started. Press Ctrl+C to shut down. (dcaefe54)
2022-01-02T08:55:17.7762242+05:30  [INF] Hosting environment: "Development" (c3307c92)
2022-01-02T08:55:17.7809989+05:30  [INF] Content root path: "D:\Personal\Profissional\GymOneCore\Gymone\Gymone.Web" (b5d60022)
2022-01-02T08:55:34.8756064+05:30 80000024-0002-f800-b63f-84710c7967bb [ERR] An unhandled exception has occurred while executing the request. (48a46595)
System.FormatException: Input string was not in a correct format.
   at System.Text.StringBuilder.FormatError()
   at System.Text.StringBuilder.AppendFormatHelper(IFormatProvider provider, String format, ParamsArray args)
   at System.String.FormatHelper(IFormatProvider provider, String format, ParamsArray args)
   at System.String.Format(IFormatProvider provider, String format, Object[] args)
   at Gymone.Web.Common.ApiClient.IsLoginSuccess(String ApiQueryString) in D:\Personal\Profissional\GymOneCore\Gymone\Gymone.Web\Common\UserClient.cs:line 12
   at Gymone.Web.Controllers.AccountController.Login(Login login) in D:\Personal\Profissional\GymOneCore\Gymone\Gymone.Web\Controllers\AccountController.cs:line 43
   at Microsoft.AspNetCore.Mvc.Infrastructure.ActionMethodExecutor.TaskOfIActionResultExecutor.Execute(IActionResultTypeMapper mapper, ObjectMethodExecutor executor, Object controller, Object[] arguments)
   at Microsoft.AspNetCore.Mvc.Infrastructure.ControllerActionInvoker.<InvokeActionMethodAsync>g__Awaited|12_0(ControllerActionInvoker invoker, ValueTask`1 actionResultValueTask)
   at Microsoft.AspNetCore.Mvc.Infrastructure.ControllerActionInvoker.<InvokeNextActionFilterAsync>g__Awaited|10_0(ControllerActionInvoker invoker, Task lastTask, State next, Scope scope, Object state, Boolean isCompleted)
   at Microsoft.AspNetCore.Mvc.Infrastructure.ControllerActionInvoker.Rethrow(ActionExecutedContextSealed context)
   at Microsoft.AspNetCore.Mvc.Infrastructure.ControllerActionInvoker.Next(State& next, Scope& scope, Object& state, Boolean& isCompleted)
   at Microsoft.AspNetCore.Mvc.Infrastructure.ControllerActionInvoker.InvokeInnerFilterAsync()
--- End of stack trace from previous location where exception was thrown ---
   at Microsoft.AspNetCore.Mvc.Infrastructure.ResourceInvoker.<InvokeNextResourceFilter>g__Awaited|24_0(ResourceInvoker invoker, Task lastTask, State next, Scope scope, Object state, Boolean isCompleted)
   at Microsoft.AspNetCore.Mvc.Infrastructure.ResourceInvoker.Rethrow(ResourceExecutedContextSealed context)
   at Microsoft.AspNetCore.Mvc.Infrastructure.ResourceInvoker.Next(State& next, Scope& scope, Object& state, Boolean& isCompleted)
   at Microsoft.AspNetCore.Mvc.Infrastructure.ResourceInvoker.InvokeFilterPipelineAsync()
--- End of stack trace from previous location where exception was thrown ---
   at Microsoft.AspNetCore.Mvc.Infrastructure.ResourceInvoker.<InvokeAsync>g__Awaited|17_0(ResourceInvoker invoker, Task task, IDisposable scope)
   at Microsoft.AspNetCore.Builder.RouterMiddleware.Invoke(HttpContext httpContext)
   at Microsoft.AspNetCore.Authentication.AuthenticationMiddleware.Invoke(HttpContext context)
   at Microsoft.AspNetCore.Session.SessionMiddleware.Invoke(HttpContext context)
   at Microsoft.AspNetCore.Session.SessionMiddleware.Invoke(HttpContext context)
   at Microsoft.AspNetCore.Diagnostics.DeveloperExceptionPageMiddleware.Invoke(HttpContext context)
2022-01-02T08:56:03.3125761+05:30  [INF] Application started. Press Ctrl+C to shut down. (dcaefe54)
2022-01-02T08:56:03.3325228+05:30  [INF] Hosting environment: "Development" (c3307c92)
2022-01-02T08:56:03.3353689+05:30  [INF] Content root path: "D:\Personal\Profissional\GymOneCore\Gymone\Gymone.Web" (b5d60022)
2022-01-02T09:40:20.6454146+05:30  [INF] Application started. Press Ctrl+C to shut down. (dcaefe54)
2022-01-02T09:40:20.6661982+05:30  [INF] Hosting environment: "Development" (c3307c92)
2022-01-02T09:40:20.6730102+05:30  [INF] Content root path: "D:\Personal\Profissional\GymOneCore\Gymone\Gymone.Web" (b5d60022)
2022-01-02T09:40:58.1199203+05:30  [INF] Application started. Press Ctrl+C to shut down. (dcaefe54)
2022-01-02T09:40:58.1339724+05:30  [INF] Hosting environment: "Development" (c3307c92)
2022-01-02T09:40:58.1371823+05:30  [INF] Content root path: "D:\Personal\Profissional\GymOneCore\Gymone\Gymone.Web" (b5d60022)
2022-01-02T09:41:20.1802832+05:30 8000002a-0002-f800-b63f-84710c7967bb [ERR] An unhandled exception has occurred while executing the request. (48a46595)
Newtonsoft.Json.JsonReaderException: Unexpected character encountered while parsing value: d. Path '', line 1, position 1.
   at Newtonsoft.Json.JsonTextReader.ReadStringValue(ReadType readType)
   at Newtonsoft.Json.JsonTextReader.ReadAsString()
   at Newtonsoft.Json.JsonReader.ReadForType(JsonContract contract, Boolean hasConverter)
   at Newtonsoft.Json.Serialization.JsonSerializerInternalReader.Deserialize(JsonReader reader, Type objectType, Boolean checkAdditionalContent)
   at Newtonsoft.Json.JsonSerializer.DeserializeInternal(JsonReader reader, Type objectType)
   at Newtonsoft.Json.JsonSerializer.Deserialize(JsonReader reader, Type objectType)
   at Newtonsoft.Json.JsonConvert.DeserializeObject(String value, Type type, JsonSerializerSettings settings)
   at Newtonsoft.Json.JsonConvert.DeserializeObject[T](String value, JsonSerializerSettings settings)
   at Newtonsoft.Json.JsonConvert.DeserializeObject[T](String value)
   at Gymone.Web.Common.ApiClient.GetAsync[T](Uri requestUrl) in D:\Personal\Profissional\GymOneCore\Gymone\Gymone.Web\Common\ApiClient.cs:line 34
   at Gymone.Web.Common.ApiClient.ReturnQueryStringValues[T](String ApiQueryString) in D:\Personal\Profissional\GymOneCore\Gymone\Gymone.Web\Common\UserClient.cs:line 13
   at Gymone.Web.Controllers.AccountController.Login(Login login) in D:\Personal\Profissional\GymOneCore\Gymone\Gymone.Web\Controllers\AccountController.cs:line 44
   at Microsoft.AspNetCore.Mvc.Infrastructure.ActionMethodExecutor.TaskOfIActionResultExecutor.Execute(IActionResultTypeMapper mapper, ObjectMethodExecutor executor, Object controller, Object[] arguments)
   at Microsoft.AspNetCore.Mvc.Infrastructure.ControllerActionInvoker.<InvokeActionMethodAsync>g__Awaited|12_0(ControllerActionInvoker invoker, ValueTask`1 actionResultValueTask)
   at Microsoft.AspNetCore.Mvc.Infrastructure.ControllerActionInvoker.<InvokeNextActionFilterAsync>g__Awaited|10_0(ControllerActionInvoker invoker, Task lastTask, State next, Scope scope, Object state, Boolean isCompleted)
   at Microsoft.AspNetCore.Mvc.Infrastructure.ControllerActionInvoker.Rethrow(ActionExecutedContextSealed context)
   at Microsoft.AspNetCore.Mvc.Infrastructure.ControllerActionInvoker.Next(State& next, Scope& scope, Object& state, Boolean& isCompleted)
   at Microsoft.AspNetCore.Mvc.Infrastructure.ControllerActionInvoker.<InvokeInnerFilterAsync>g__Awaited|13_0(ControllerActionInvoker invoker, Task lastTask, State next, Scope scope, Object state, Boolean isCompleted)
   at Microsoft.AspNetCore.Mvc.Infrastructure.ResourceInvoker.<InvokeNextResourceFilter>g__Awaited|24_0(ResourceInvoker invoker, Task lastTask, State next, Scope scope, Object state, Boolean isCompleted)
   at Microsoft.AspNetCore.Mvc.Infrastructure.ResourceInvoker.Rethrow(ResourceExecutedContextSealed context)
   at Microsoft.AspNetCore.Mvc.Infrastructure.ResourceInvoker.Next(State& next, Scope& scope, Object& state, Boolean& isCompleted)
   at Microsoft.AspNetCore.Mvc.Infrastructure.ResourceInvoker.<InvokeFilterPipelineAsync>g__Awaited|19_0(ResourceInvoker invoker, Task lastTask, State next, Scope scope, Object state, Boolean isCompleted)
   at Microsoft.AspNetCore.Mvc.Infrastructure.ResourceInvoker.<InvokeAsync>g__Awaited|17_0(ResourceInvoker invoker, Task task, IDisposable scope)
   at Microsoft.AspNetCore.Builder.RouterMiddleware.Invoke(HttpContext httpContext)
   at Microsoft.AspNetCore.Authentication.AuthenticationMiddleware.Invoke(HttpContext context)
   at Microsoft.AspNetCore.Session.SessionMiddleware.Invoke(HttpContext context)
   at Microsoft.AspNetCore.Session.SessionMiddleware.Invoke(HttpContext context)
   at Microsoft.AspNetCore.Diagnostics.DeveloperExceptionPageMiddleware.Invoke(HttpContext context)
2022-01-02T09:47:26.6997539+05:30  [INF] Application started. Press Ctrl+C to shut down. (dcaefe54)
2022-01-02T09:47:26.7128810+05:30  [INF] Hosting environment: "Development" (c3307c92)
2022-01-02T09:47:26.7149718+05:30  [INF] Content root path: "D:\Personal\Profissional\GymOneCore\Gymone\Gymone.Web" (b5d60022)
2022-01-02T09:47:49.3842349+05:30 8000001e-0000-ff00-b63f-84710c7967bb [ERR] An unhandled exception has occurred while executing the request. (48a46595)
Newtonsoft.Json.JsonReaderException: Unexpected character encountered while parsing value: d. Path '', line 1, position 1.
   at Newtonsoft.Json.JsonTextReader.ReadStringValue(ReadType readType)
   at Newtonsoft.Json.JsonTextReader.ReadAsString()
   at Newtonsoft.Json.JsonReader.ReadForType(JsonContract contract, Boolean hasConverter)
   at Newtonsoft.Json.Serialization.JsonSerializerInternalReader.Deserialize(JsonReader reader, Type objectType, Boolean checkAdditionalContent)
   at Newtonsoft.Json.JsonSerializer.DeserializeInternal(JsonReader reader, Type objectType)
   at Newtonsoft.Json.JsonSerializer.Deserialize(JsonReader reader, Type objectType)
   at Newtonsoft.Json.JsonConvert.DeserializeObject(String value, Type type, JsonSerializerSettings settings)
   at Newtonsoft.Json.JsonConvert.DeserializeObject[T](String value, JsonSerializerSettings settings)
   at Newtonsoft.Json.JsonConvert.DeserializeObject[T](String value)
   at Gymone.Web.Common.ApiClient.GetAsync[T](Uri requestUrl) in D:\Personal\Profissional\GymOneCore\Gymone\Gymone.Web\Common\ApiClient.cs:line 34
   at Gymone.Web.Common.ApiClient.ReturnQueryStringValues[T](String ApiQueryString) in D:\Personal\Profissional\GymOneCore\Gymone\Gymone.Web\Common\UserClient.cs:line 13
   at Gymone.Web.Controllers.AccountController.Login(Login login) in D:\Personal\Profissional\GymOneCore\Gymone\Gymone.Web\Controllers\AccountController.cs:line 44
   at Microsoft.AspNetCore.Mvc.Infrastructure.ActionMethodExecutor.TaskOfIActionResultExecutor.Execute(IActionResultTypeMapper mapper, ObjectMethodExecutor executor, Object controller, Object[] arguments)
   at Microsoft.AspNetCore.Mvc.Infrastructure.ControllerActionInvoker.<InvokeActionMethodAsync>g__Awaited|12_0(ControllerActionInvoker invoker, ValueTask`1 actionResultValueTask)
   at Microsoft.AspNetCore.Mvc.Infrastructure.ControllerActionInvoker.<InvokeNextActionFilterAsync>g__Awaited|10_0(ControllerActionInvoker invoker, Task lastTask, State next, Scope scope, Object state, Boolean isCompleted)
   at Microsoft.AspNetCore.Mvc.Infrastructure.ControllerActionInvoker.Rethrow(ActionExecutedContextSealed context)
   at Microsoft.AspNetCore.Mvc.Infrastructure.ControllerActionInvoker.Next(State& next, Scope& scope, Object& state, Boolean& isCompleted)
   at Microsoft.AspNetCore.Mvc.Infrastructure.ControllerActionInvoker.<InvokeInnerFilterAsync>g__Awaited|13_0(ControllerActionInvoker invoker, Task lastTask, State next, Scope scope, Object state, Boolean isCompleted)
   at Microsoft.AspNetCore.Mvc.Infrastructure.ResourceInvoker.<InvokeNextResourceFilter>g__Awaited|24_0(ResourceInvoker invoker, Task lastTask, State next, Scope scope, Object state, Boolean isCompleted)
   at Microsoft.AspNetCore.Mvc.Infrastructure.ResourceInvoker.Rethrow(ResourceExecutedContextSealed context)
   at Microsoft.AspNetCore.Mvc.Infrastructure.ResourceInvoker.Next(State& next, Scope& scope, Object& state, Boolean& isCompleted)
   at Microsoft.AspNetCore.Mvc.Infrastructure.ResourceInvoker.<InvokeFilterPipelineAsync>g__Awaited|19_0(ResourceInvoker invoker, Task lastTask, State next, Scope scope, Object state, Boolean isCompleted)
   at Microsoft.AspNetCore.Mvc.Infrastructure.ResourceInvoker.<InvokeAsync>g__Awaited|17_0(ResourceInvoker invoker, Task task, IDisposable scope)
   at Microsoft.AspNetCore.Builder.RouterMiddleware.Invoke(HttpContext httpContext)
   at Microsoft.AspNetCore.Authentication.AuthenticationMiddleware.Invoke(HttpContext context)
   at Microsoft.AspNetCore.Session.SessionMiddleware.Invoke(HttpContext context)
   at Microsoft.AspNetCore.Session.SessionMiddleware.Invoke(HttpContext context)
   at Microsoft.AspNetCore.Diagnostics.DeveloperExceptionPageMiddleware.Invoke(HttpContext context)
2022-01-02T09:50:38.5847924+05:30 80000022-0000-ff00-b63f-84710c7967bb [ERR] An unhandled exception has occurred while executing the request. (48a46595)
Newtonsoft.Json.JsonReaderException: Unexpected character encountered while parsing value: d. Path '', line 1, position 1.
   at Newtonsoft.Json.JsonTextReader.ReadStringValue(ReadType readType)
   at Newtonsoft.Json.JsonTextReader.ReadAsString()
   at Newtonsoft.Json.JsonReader.ReadForType(JsonContract contract, Boolean hasConverter)
   at Newtonsoft.Json.Serialization.JsonSerializerInternalReader.Deserialize(JsonReader reader, Type objectType, Boolean checkAdditionalContent)
   at Newtonsoft.Json.JsonSerializer.DeserializeInternal(JsonReader reader, Type objectType)
   at Newtonsoft.Json.JsonSerializer.Deserialize(JsonReader reader, Type objectType)
   at Newtonsoft.Json.JsonConvert.DeserializeObject(String value, Type type, JsonSerializerSettings settings)
   at Newtonsoft.Json.JsonConvert.DeserializeObject[T](String value, JsonSerializerSettings settings)
   at Newtonsoft.Json.JsonConvert.DeserializeObject[T](String value)
   at Gymone.Web.Common.ApiClient.GetAsync[T](Uri requestUrl) in D:\Personal\Profissional\GymOneCore\Gymone\Gymone.Web\Common\ApiClient.cs:line 34
   at Gymone.Web.Common.ApiClient.ReturnQueryStringValues[T](String ApiQueryString) in D:\Personal\Profissional\GymOneCore\Gymone\Gymone.Web\Common\UserClient.cs:line 13
   at Gymone.Web.Controllers.AccountController.Login(Login login) in D:\Personal\Profissional\GymOneCore\Gymone\Gymone.Web\Controllers\AccountController.cs:line 44
   at Microsoft.AspNetCore.Mvc.Infrastructure.ActionMethodExecutor.TaskOfIActionResultExecutor.Execute(IActionResultTypeMapper mapper, ObjectMethodExecutor executor, Object controller, Object[] arguments)
   at Microsoft.AspNetCore.Mvc.Infrastructure.ControllerActionInvoker.<InvokeActionMethodAsync>g__Awaited|12_0(ControllerActionInvoker invoker, ValueTask`1 actionResultValueTask)
   at Microsoft.AspNetCore.Mvc.Infrastructure.ControllerActionInvoker.<InvokeNextActionFilterAsync>g__Awaited|10_0(ControllerActionInvoker invoker, Task lastTask, State next, Scope scope, Object state, Boolean isCompleted)
   at Microsoft.AspNetCore.Mvc.Infrastructure.ControllerActionInvoker.Rethrow(ActionExecutedContextSealed context)
   at Microsoft.AspNetCore.Mvc.Infrastructure.ControllerActionInvoker.Next(State& next, Scope& scope, Object& state, Boolean& isCompleted)
   at Microsoft.AspNetCore.Mvc.Infrastructure.ControllerActionInvoker.<InvokeInnerFilterAsync>g__Awaited|13_0(ControllerActionInvoker invoker, Task lastTask, State next, Scope scope, Object state, Boolean isCompleted)
   at Microsoft.AspNetCore.Mvc.Infrastructure.ResourceInvoker.<InvokeNextResourceFilter>g__Awaited|24_0(ResourceInvoker invoker, Task lastTask, State next, Scope scope, Object state, Boolean isCompleted)
   at Microsoft.AspNetCore.Mvc.Infrastructure.ResourceInvoker.Rethrow(ResourceExecutedContextSealed context)
   at Microsoft.AspNetCore.Mvc.Infrastructure.ResourceInvoker.Next(State& next, Scope& scope, Object& state, Boolean& isCompleted)
   at Microsoft.AspNetCore.Mvc.Infrastructure.ResourceInvoker.<InvokeFilterPipelineAsync>g__Awaited|19_0(ResourceInvoker invoker, Task lastTask, State next, Scope scope, Object state, Boolean isCompleted)
   at Microsoft.AspNetCore.Mvc.Infrastructure.ResourceInvoker.<InvokeAsync>g__Awaited|17_0(ResourceInvoker invoker, Task task, IDisposable scope)
   at Microsoft.AspNetCore.Builder.RouterMiddleware.Invoke(HttpContext httpContext)
   at Microsoft.AspNetCore.Authentication.AuthenticationMiddleware.Invoke(HttpContext context)
   at Microsoft.AspNetCore.Session.SessionMiddleware.Invoke(HttpContext context)
   at Microsoft.AspNetCore.Session.SessionMiddleware.Invoke(HttpContext context)
   at Microsoft.AspNetCore.Diagnostics.DeveloperExceptionPageMiddleware.Invoke(HttpContext context)
2022-01-02T09:53:24.0205336+05:30  [INF] Application started. Press Ctrl+C to shut down. (dcaefe54)
2022-01-02T09:53:24.0372522+05:30  [INF] Hosting environment: "Development" (c3307c92)
2022-01-02T09:53:24.0395937+05:30  [INF] Content root path: "D:\Personal\Profissional\GymOneCore\Gymone\Gymone.Web" (b5d60022)
2022-01-02T09:53:45.5381390+05:30 80000026-0001-f200-b63f-84710c7967bb [ERR] An unhandled exception has occurred while executing the request. (48a46595)
Newtonsoft.Json.JsonReaderException: Unexpected character encountered while parsing value: d. Path '', line 1, position 1.
   at Newtonsoft.Json.JsonTextReader.ReadStringValue(ReadType readType)
   at Newtonsoft.Json.JsonTextReader.ReadAsString()
   at Newtonsoft.Json.JsonReader.ReadForType(JsonContract contract, Boolean hasConverter)
   at Newtonsoft.Json.Serialization.JsonSerializerInternalReader.Deserialize(JsonReader reader, Type objectType, Boolean checkAdditionalContent)
   at Newtonsoft.Json.JsonSerializer.DeserializeInternal(JsonReader reader, Type objectType)
   at Newtonsoft.Json.JsonSerializer.Deserialize(JsonReader reader, Type objectType)
   at Newtonsoft.Json.JsonConvert.DeserializeObject(String value, Type type, JsonSerializerSettings settings)
   at Newtonsoft.Json.JsonConvert.DeserializeObject[T](String value, JsonSerializerSettings settings)
   at Newtonsoft.Json.JsonConvert.DeserializeObject[T](String value)
   at Gymone.Web.Common.ApiClient.GetAsync[T](Uri requestUrl) in D:\Personal\Profissional\GymOneCore\Gymone\Gymone.Web\Common\ApiClient.cs:line 34
   at Gymone.Web.Common.ApiClient.ReturnQueryStringValues[T](String ApiQueryString) in D:\Personal\Profissional\GymOneCore\Gymone\Gymone.Web\Common\UserClient.cs:line 13
   at Gymone.Web.Controllers.AccountController.Login(Login login) in D:\Personal\Profissional\GymOneCore\Gymone\Gymone.Web\Controllers\AccountController.cs:line 44
   at Microsoft.AspNetCore.Mvc.Infrastructure.ActionMethodExecutor.TaskOfIActionResultExecutor.Execute(IActionResultTypeMapper mapper, ObjectMethodExecutor executor, Object controller, Object[] arguments)
   at Microsoft.AspNetCore.Mvc.Infrastructure.ControllerActionInvoker.<InvokeActionMethodAsync>g__Awaited|12_0(ControllerActionInvoker invoker, ValueTask`1 actionResultValueTask)
   at Microsoft.AspNetCore.Mvc.Infrastructure.ControllerActionInvoker.<InvokeNextActionFilterAsync>g__Awaited|10_0(ControllerActionInvoker invoker, Task lastTask, State next, Scope scope, Object state, Boolean isCompleted)
   at Microsoft.AspNetCore.Mvc.Infrastructure.ControllerActionInvoker.Rethrow(ActionExecutedContextSealed context)
   at Microsoft.AspNetCore.Mvc.Infrastructure.ControllerActionInvoker.Next(State& next, Scope& scope, Object& state, Boolean& isCompleted)
   at Microsoft.AspNetCore.Mvc.Infrastructure.ControllerActionInvoker.<InvokeInnerFilterAsync>g__Awaited|13_0(ControllerActionInvoker invoker, Task lastTask, State next, Scope scope, Object state, Boolean isCompleted)
   at Microsoft.AspNetCore.Mvc.Infrastructure.ResourceInvoker.<InvokeNextResourceFilter>g__Awaited|24_0(ResourceInvoker invoker, Task lastTask, State next, Scope scope, Object state, Boolean isCompleted)
   at Microsoft.AspNetCore.Mvc.Infrastructure.ResourceInvoker.Rethrow(ResourceExecutedContextSealed context)
   at Microsoft.AspNetCore.Mvc.Infrastructure.ResourceInvoker.Next(State& next, Scope& scope, Object& state, Boolean& isCompleted)
   at Microsoft.AspNetCore.Mvc.Infrastructure.ResourceInvoker.<InvokeFilterPipelineAsync>g__Awaited|19_0(ResourceInvoker invoker, Task lastTask, State next, Scope scope, Object state, Boolean isCompleted)
   at Microsoft.AspNetCore.Mvc.Infrastructure.ResourceInvoker.<InvokeAsync>g__Awaited|17_0(ResourceInvoker invoker, Task task, IDisposable scope)
   at Microsoft.AspNetCore.Builder.RouterMiddleware.Invoke(HttpContext httpContext)
   at Microsoft.AspNetCore.Authentication.AuthenticationMiddleware.Invoke(HttpContext context)
   at Microsoft.AspNetCore.Session.SessionMiddleware.Invoke(HttpContext context)
   at Microsoft.AspNetCore.Session.SessionMiddleware.Invoke(HttpContext context)
   at Microsoft.AspNetCore.Diagnostics.DeveloperExceptionPageMiddleware.Invoke(HttpContext context)
2022-01-02T09:59:13.1822864+05:30  [INF] Application started. Press Ctrl+C to shut down. (dcaefe54)
2022-01-02T09:59:13.1997993+05:30  [INF] Hosting environment: "Development" (c3307c92)
2022-01-02T09:59:13.2059920+05:30  [INF] Content root path: "D:\Personal\Profissional\GymOneCore\Gymone\Gymone.Web" (b5d60022)
2022-01-02T10:05:26.4049809+05:30  [INF] Application started. Press Ctrl+C to shut down. (dcaefe54)
2022-01-02T10:05:26.4221585+05:30  [INF] Hosting environment: "Development" (c3307c92)
2022-01-02T10:05:26.4240699+05:30  [INF] Content root path: "D:\Personal\Profissional\GymOneCore\Gymone\Gymone.Web" (b5d60022)
2022-01-02T10:07:36.2878712+05:30  [INF] Application started. Press Ctrl+C to shut down. (dcaefe54)
2022-01-02T10:07:36.3129054+05:30  [INF] Hosting environment: "Development" (c3307c92)
2022-01-02T10:07:36.3347947+05:30  [INF] Content root path: "D:\Personal\Profissional\GymOneCore\Gymone\Gymone.Web" (b5d60022)
2022-01-02T19:35:54.7348704+05:30  [INF] Application started. Press Ctrl+C to shut down. (dcaefe54)
2022-01-02T19:35:54.7542955+05:30  [INF] Hosting environment: "Development" (c3307c92)
2022-01-02T19:35:54.7561535+05:30  [INF] Content root path: "D:\Personal\Profissional\GymOneCore\Gymone\Gymone.Web" (b5d60022)
2022-01-02T19:35:55.4231243+05:30 8000000c-0000-fc00-b63f-84710c7967bb [ERR] Request matched multiple actions resulting in ambiguity. Matching actions: "Gymone.Web.Controllers.HomeController.Index (Gymone.Web)
Gymone.Web.Controllers.HomeController.Index (Gymone.Web)" (ab9a4111)
2022-01-02T19:35:56.5489616+05:30 8000000c-0000-fc00-b63f-84710c7967bb [ERR] An unhandled exception has occurred while executing the request. (48a46595)
Microsoft.AspNetCore.Mvc.Infrastructure.AmbiguousActionException: Multiple actions matched. The following actions matched route data and had all constraints satisfied:

Gymone.Web.Controllers.HomeController.Index (Gymone.Web)
Gymone.Web.Controllers.HomeController.Index (Gymone.Web)
   at Microsoft.AspNetCore.Mvc.Infrastructure.ActionSelector.SelectBestCandidate(RouteContext context, IReadOnlyList`1 candidates)
   at Microsoft.AspNetCore.Mvc.Routing.MvcRouteHandler.RouteAsync(RouteContext context)
   at Microsoft.AspNetCore.Routing.Route.OnRouteMatched(RouteContext context)
   at Microsoft.AspNetCore.Routing.RouteBase.RouteAsync(RouteContext context)
   at Microsoft.AspNetCore.Routing.RouteCollection.RouteAsync(RouteContext context)
   at Microsoft.AspNetCore.Builder.RouterMiddleware.Invoke(HttpContext httpContext)
   at Microsoft.AspNetCore.Authentication.AuthenticationMiddleware.Invoke(HttpContext context)
   at Microsoft.AspNetCore.Session.SessionMiddleware.Invoke(HttpContext context)
   at Microsoft.AspNetCore.Session.SessionMiddleware.Invoke(HttpContext context)
   at Microsoft.AspNetCore.Diagnostics.DeveloperExceptionPageMiddleware.Invoke(HttpContext context)
2022-01-02T19:36:34.1966468+05:30  [INF] Application started. Press Ctrl+C to shut down. (dcaefe54)
2022-01-02T19:36:34.2158506+05:30  [INF] Hosting environment: "Development" (c3307c92)
2022-01-02T19:36:34.2523747+05:30  [INF] Content root path: "D:\Personal\Profissional\GymOneCore\Gymone\Gymone.Web" (b5d60022)
2022-01-02T20:20:03.7968167+05:30  [INF] Application started. Press Ctrl+C to shut down. (dcaefe54)
2022-01-02T20:20:03.8147092+05:30  [INF] Hosting environment: "Development" (c3307c92)
2022-01-02T20:20:03.8189830+05:30  [INF] Content root path: "D:\Personal\Profissional\GymOneCore\Gymone\Gymone.Web" (b5d60022)
2022-01-02T20:21:06.6509335+05:30  [INF] Application started. Press Ctrl+C to shut down. (dcaefe54)
2022-01-02T20:21:06.6745399+05:30  [INF] Hosting environment: "Development" (c3307c92)
2022-01-02T20:21:06.6771067+05:30  [INF] Content root path: "D:\Personal\Profissional\GymOneCore\Gymone\Gymone.Web" (b5d60022)
2022-01-02T20:26:42.9593459+05:30  [INF] Application started. Press Ctrl+C to shut down. (dcaefe54)
2022-01-02T20:26:42.9746016+05:30  [INF] Hosting environment: "Development" (c3307c92)
2022-01-02T20:26:42.9772560+05:30  [INF] Content root path: "D:\Personal\Profissional\GymOneCore\Gymone\Gymone.Web" (b5d60022)
2022-01-02T20:28:25.4808154+05:30  [INF] Application started. Press Ctrl+C to shut down. (dcaefe54)
2022-01-02T20:28:25.4924739+05:30  [INF] Hosting environment: "Development" (c3307c92)
2022-01-02T20:28:25.4947901+05:30  [INF] Content root path: "D:\Personal\Profissional\GymOneCore\Gymone\Gymone.Web" (b5d60022)
2022-01-02T20:29:54.0165650+05:30  [INF] Application started. Press Ctrl+C to shut down. (dcaefe54)
2022-01-02T20:29:54.0297239+05:30  [INF] Hosting environment: "Development" (c3307c92)
2022-01-02T20:29:54.0316474+05:30  [INF] Content root path: "D:\Personal\Profissional\GymOneCore\Gymone\Gymone.Web" (b5d60022)
2022-01-02T20:32:59.2165301+05:30  [INF] Application started. Press Ctrl+C to shut down. (dcaefe54)
2022-01-02T20:32:59.2302667+05:30  [INF] Hosting environment: "Development" (c3307c92)
2022-01-02T20:32:59.2322969+05:30  [INF] Content root path: "D:\Personal\Profissional\GymOneCore\Gymone\Gymone.Web" (b5d60022)
2022-01-02T20:33:40.4977653+05:30  [INF] Application started. Press Ctrl+C to shut down. (dcaefe54)
2022-01-02T20:33:40.5139001+05:30  [INF] Hosting environment: "Development" (c3307c92)
2022-01-02T20:33:40.5160404+05:30  [INF] Content root path: "D:\Personal\Profissional\GymOneCore\Gymone\Gymone.Web" (b5d60022)
2022-01-02T20:35:14.7268530+05:30 80000015-0003-f800-b63f-84710c7967bb [ERR] An unhandled exception has occurred while executing the request. (48a46595)
Newtonsoft.Json.JsonSerializationException: Unable to find a constructor to use for type Microsoft.AspNet.Identity.IdentityResult. A class should either have a default constructor, one constructor with arguments or a constructor marked with the JsonConstructor attribute. Path 'succeeded', line 1, position 13.
   at Newtonsoft.Json.Serialization.JsonSerializerInternalReader.CreateNewObject(JsonReader reader, JsonObjectContract objectContract, JsonProperty containerMember, JsonProperty containerProperty, String id, Boolean& createdFromNonDefaultCreator)
   at Newtonsoft.Json.Serialization.JsonSerializerInternalReader.CreateObject(JsonReader reader, Type objectType, JsonContract contract, JsonProperty member, JsonContainerContract containerContract, JsonProperty containerMember, Object existingValue)
   at Newtonsoft.Json.Serialization.JsonSerializerInternalReader.CreateValueInternal(JsonReader reader, Type objectType, JsonContract contract, JsonProperty member, JsonContainerContract containerContract, JsonProperty containerMember, Object existingValue)
   at Newtonsoft.Json.Serialization.JsonSerializerInternalReader.Deserialize(JsonReader reader, Type objectType, Boolean checkAdditionalContent)
   at Newtonsoft.Json.JsonSerializer.DeserializeInternal(JsonReader reader, Type objectType)
   at Newtonsoft.Json.JsonSerializer.Deserialize(JsonReader reader, Type objectType)
   at Newtonsoft.Json.JsonConvert.DeserializeObject(String value, Type type, JsonSerializerSettings settings)
   at Newtonsoft.Json.JsonConvert.DeserializeObject[T](String value, JsonSerializerSettings settings)
   at Newtonsoft.Json.JsonConvert.DeserializeObject[T](String value)
   at Gymone.Web.Common.ApiClient.GetAsync[T](Uri requestUrl) in D:\Personal\Profissional\GymOneCore\Gymone\Gymone.Web\Common\ApiClient.cs:line 34
   at Gymone.Web.Common.ApiClient.ReturnQueryStringValues[T](String ApiQueryString) in D:\Personal\Profissional\GymOneCore\Gymone\Gymone.Web\Common\UserClient.cs:line 13
   at Gymone.Web.Controllers.AccountController.Changepassword(ChangepasswordVM VM) in D:\Personal\Profissional\GymOneCore\Gymone\Gymone.Web\Controllers\AccountController.cs:line 116
   at Microsoft.AspNetCore.Mvc.Infrastructure.ActionMethodExecutor.TaskOfIActionResultExecutor.Execute(IActionResultTypeMapper mapper, ObjectMethodExecutor executor, Object controller, Object[] arguments)
   at Microsoft.AspNetCore.Mvc.Infrastructure.ControllerActionInvoker.<InvokeActionMethodAsync>g__Awaited|12_0(ControllerActionInvoker invoker, ValueTask`1 actionResultValueTask)
   at Microsoft.AspNetCore.Mvc.Infrastructure.ControllerActionInvoker.<InvokeNextActionFilterAsync>g__Awaited|10_0(ControllerActionInvoker invoker, Task lastTask, State next, Scope scope, Object state, Boolean isCompleted)
   at Microsoft.AspNetCore.Mvc.Infrastructure.ControllerActionInvoker.Rethrow(ActionExecutedContextSealed context)
   at Microsoft.AspNetCore.Mvc.Infrastructure.ControllerActionInvoker.Next(State& next, Scope& scope, Object& state, Boolean& isCompleted)
   at Microsoft.AspNetCore.Mvc.Infrastructure.ControllerActionInvoker.<InvokeInnerFilterAsync>g__Awaited|13_0(ControllerActionInvoker invoker, Task lastTask, State next, Scope scope, Object state, Boolean isCompleted)
   at Microsoft.AspNetCore.Mvc.Infrastructure.ResourceInvoker.<InvokeNextResourceFilter>g__Awaited|24_0(ResourceInvoker invoker, Task lastTask, State next, Scope scope, Object state, Boolean isCompleted)
   at Microsoft.AspNetCore.Mvc.Infrastructure.ResourceInvoker.Rethrow(ResourceExecutedContextSealed context)
   at Microsoft.AspNetCore.Mvc.Infrastructure.ResourceInvoker.Next(State& next, Scope& scope, Object& state, Boolean& isCompleted)
   at Microsoft.AspNetCore.Mvc.Infrastructure.ResourceInvoker.<InvokeFilterPipelineAsync>g__Awaited|19_0(ResourceInvoker invoker, Task lastTask, State next, Scope scope, Object state, Boolean isCompleted)
   at Microsoft.AspNetCore.Mvc.Infrastructure.ResourceInvoker.<InvokeAsync>g__Awaited|17_0(ResourceInvoker invoker, Task task, IDisposable scope)
   at Microsoft.AspNetCore.Builder.RouterMiddleware.Invoke(HttpContext httpContext)
   at Microsoft.AspNetCore.Authentication.AuthenticationMiddleware.Invoke(HttpContext context)
   at Microsoft.AspNetCore.Session.SessionMiddleware.Invoke(HttpContext context)
   at Microsoft.AspNetCore.Session.SessionMiddleware.Invoke(HttpContext context)
   at Microsoft.AspNetCore.Diagnostics.DeveloperExceptionPageMiddleware.Invoke(HttpContext context)
2022-01-02T21:25:14.2662797+05:30  [INF] Application started. Press Ctrl+C to shut down. (dcaefe54)
2022-01-02T21:25:14.2921059+05:30  [INF] Hosting environment: "Development" (c3307c92)
2022-01-02T21:25:14.2977982+05:30  [INF] Content root path: "D:\Personal\Profissional\GymOneCore\Gymone\Gymone.Web" (b5d60022)
2022-01-02T21:31:31.9954296+05:30  [INF] Application started. Press Ctrl+C to shut down. (dcaefe54)
2022-01-02T21:31:32.0150132+05:30  [INF] Hosting environment: "Development" (c3307c92)
2022-01-02T21:31:32.0184275+05:30  [INF] Content root path: "D:\Personal\Profissional\GymOneCore\Gymone\Gymone.Web" (b5d60022)
2022-01-02T21:38:53.0790667+05:30  [INF] Application started. Press Ctrl+C to shut down. (dcaefe54)
2022-01-02T21:38:53.0993930+05:30  [INF] Hosting environment: "Development" (c3307c92)
2022-01-02T21:38:53.1027780+05:30  [INF] Content root path: "D:\Personal\Profissional\GymOneCore\Gymone\Gymone.Web" (b5d60022)
2022-01-02T21:50:01.6870054+05:30  [INF] Application started. Press Ctrl+C to shut down. (dcaefe54)
2022-01-02T21:50:01.7037258+05:30  [INF] Hosting environment: "Development" (c3307c92)
2022-01-02T21:50:01.7062945+05:30  [INF] Content root path: "D:\Personal\Profissional\GymOneCore\Gymone\Gymone.Web" (b5d60022)
2022-01-02T21:50:52.9850020+05:30  [INF] Application started. Press Ctrl+C to shut down. (dcaefe54)
2022-01-02T21:50:52.9971855+05:30  [INF] Hosting environment: "Development" (c3307c92)
2022-01-02T21:50:52.9996266+05:30  [INF] Content root path: "D:\Personal\Profissional\GymOneCore\Gymone\Gymone.Web" (b5d60022)
2022-01-02T21:53:18.1760075+05:30  [INF] Application started. Press Ctrl+C to shut down. (dcaefe54)
2022-01-02T21:53:18.1972089+05:30  [INF] Hosting environment: "Development" (c3307c92)
2022-01-02T21:53:18.1998659+05:30  [INF] Content root path: "D:\Personal\Profissional\GymOneCore\Gymone\Gymone.Web" (b5d60022)
2022-01-02T21:56:04.9818994+05:30  [INF] Application started. Press Ctrl+C to shut down. (dcaefe54)
2022-01-02T21:56:05.0009910+05:30  [INF] Hosting environment: "Development" (c3307c92)
2022-01-02T21:56:05.0042877+05:30  [INF] Content root path: "D:\Personal\Profissional\GymOneCore\Gymone\Gymone.Web" (b5d60022)
2022-01-02T21:56:53.1557216+05:30  [INF] Application started. Press Ctrl+C to shut down. (dcaefe54)
2022-01-02T21:56:53.2175800+05:30  [INF] Hosting environment: "Development" (c3307c92)
2022-01-02T21:56:53.2700809+05:30  [INF] Content root path: "D:\Personal\Profissional\GymOneCore\Gymone\Gymone.Web" (b5d60022)
2022-01-02T21:58:06.1238084+05:30  [INF] Application started. Press Ctrl+C to shut down. (dcaefe54)
2022-01-02T21:58:06.1406995+05:30  [INF] Hosting environment: "Development" (c3307c92)
2022-01-02T21:58:06.1449326+05:30  [INF] Content root path: "D:\Personal\Profissional\GymOneCore\Gymone\Gymone.Web" (b5d60022)
2022-01-02T21:58:48.7039212+05:30  [INF] Application started. Press Ctrl+C to shut down. (dcaefe54)
2022-01-02T21:58:48.7197226+05:30  [INF] Hosting environment: "Development" (c3307c92)
2022-01-02T21:58:48.7223469+05:30  [INF] Content root path: "D:\Personal\Profissional\GymOneCore\Gymone\Gymone.Web" (b5d60022)
2022-01-02T22:06:20.9525496+05:30  [INF] Application started. Press Ctrl+C to shut down. (dcaefe54)
2022-01-02T22:06:20.9721766+05:30  [INF] Hosting environment: "Development" (c3307c92)
2022-01-02T22:06:20.9753558+05:30  [INF] Content root path: "D:\Personal\Profissional\GymOneCore\Gymone\Gymone.Web" (b5d60022)
2022-01-02T22:06:58.2667532+05:30  [INF] Application started. Press Ctrl+C to shut down. (dcaefe54)
2022-01-02T22:06:58.2814451+05:30  [INF] Hosting environment: "Development" (c3307c92)
2022-01-02T22:06:58.2843634+05:30  [INF] Content root path: "D:\Personal\Profissional\GymOneCore\Gymone\Gymone.Web" (b5d60022)
2022-01-02T22:08:53.4754255+05:30  [INF] Application started. Press Ctrl+C to shut down. (dcaefe54)
2022-01-02T22:08:53.5278920+05:30  [INF] Hosting environment: "Development" (c3307c92)
2022-01-02T22:08:53.5422949+05:30  [INF] Content root path: "D:\Personal\Profissional\GymOneCore\Gymone\Gymone.Web" (b5d60022)
2022-01-02T22:16:06.5305554+05:30  [INF] Application started. Press Ctrl+C to shut down. (dcaefe54)
2022-01-02T22:16:06.5552053+05:30  [INF] Hosting environment: "Development" (c3307c92)
2022-01-02T22:16:06.5588316+05:30  [INF] Content root path: "D:\Personal\Profissional\GymOneCore\Gymone\Gymone.Web" (b5d60022)
2022-01-02T22:16:27.9752264+05:30  [INF] Application started. Press Ctrl+C to shut down. (dcaefe54)
2022-01-02T22:16:27.9921116+05:30  [INF] Hosting environment: "Development" (c3307c92)
2022-01-02T22:16:27.9961338+05:30  [INF] Content root path: "D:\Personal\Profissional\GymOneCore\Gymone\Gymone.Web" (b5d60022)
2022-01-02T22:17:12.9552011+05:30  [INF] Application started. Press Ctrl+C to shut down. (dcaefe54)
2022-01-02T22:17:12.9962288+05:30  [INF] Hosting environment: "Development" (c3307c92)
2022-01-02T22:17:13.0051096+05:30  [INF] Content root path: "D:\Personal\Profissional\GymOneCore\Gymone\Gymone.Web" (b5d60022)
2022-01-02T22:21:33.4015139+05:30  [INF] Application started. Press Ctrl+C to shut down. (dcaefe54)
2022-01-02T22:21:33.4136236+05:30  [INF] Hosting environment: "Development" (c3307c92)
2022-01-02T22:21:33.4160023+05:30  [INF] Content root path: "D:\Personal\Profissional\GymOneCore\Gymone\Gymone.Web" (b5d60022)
